{"meta": {"format": 3, "version": "7.13.4", "timestamp": "2026-03-23T17:21:33.325287", "branch_coverage": false, "show_contexts": false}, "files": {"backoffice/__init__.py": {"executed_lines": [2], "summary": {"covered_lines": 1, "num_statements": 1, "percent_covered": 100.0, "percent_covered_display": "100", "missing_lines": 0, "excluded_lines": 0, "percent_statements_covered": 100.0, "percent_statements_covered_display": "100"}, "missing_lines": [], "excluded_lines": [], "functions": {"": {"executed_lines": [2], "summary": {"covered_lines": 1, "num_statements": 1, "percent_covered": 100.0, "percent_covered_display": "100", "missing_lines": 0, "excluded_lines": 0, "percent_statements_covered": 100.0, "percent_statements_covered_display": "100"}, "missing_lines": [], "excluded_lines": [], "start_line": 1}}, "classes": {"": {"executed_lines": [2], "summary": {"covered_lines": 1, "num_statements": 1, "percent_covered": 100.0, "percent_covered_display": "100", "missing_lines": 0, "excluded_lines": 0, "percent_statements_covered": 100.0, "percent_statements_covered_display": "100"}, "missing_lines": [], "excluded_lines": [], "start_line": 1}}}, "backoffice/__main__.py": {"executed_lines": [5, 7, 8, 10, 13, 14, 18, 19, 21, 24, 25, 26, 27, 28, 29, 32, 33, 34, 37, 38, 39, 40, 43, 44, 45, 48, 49, 53, 54, 55, 56, 57, 60, 63, 64, 65, 66, 69, 70, 73, 76, 79, 80, 81, 82, 83, 86, 87, 89, 90, 91, 93, 96, 97, 98, 218, 219], "summary": {"covered_lines": 57, "num_statements": 145, "percent_covered": 39.310344827586206, "percent_covered_display": "39", "missing_lines": 88, "excluded_lines": 0, "percent_statements_covered": 39.310344827586206, "percent_statements_covered_display": "39"}, "missing_lines": [100, 102, 103, 104, 107, 108, 109, 111, 112, 113, 115, 120, 122, 123, 124, 125, 126, 127, 128, 129, 131, 132, 133, 134, 135, 136, 137, 139, 140, 141, 142, 143, 144, 145, 147, 148, 149, 150, 151, 152, 153, 155, 156, 157, 158, 159, 160, 161, 163, 164, 165, 167, 168, 169, 170, 172, 180, 181, 182, 183, 184, 185, 186, 187, 188, 190, 191, 192, 193, 194, 195, 196, 198, 199, 200, 201, 202, 203, 204, 206, 207, 208, 209, 210, 211, 212, 214, 215], "excluded_lines": [], "functions": {"build_parser": {"executed_lines": [14, 18, 19, 21, 24, 25, 26, 27, 28, 29, 32, 33, 34, 37, 38, 39, 40, 43, 44, 45, 48, 49, 53, 54, 55, 56, 57, 60, 63, 64, 65, 66, 69, 70, 73, 76, 79, 80, 81, 82, 83, 86, 87, 89, 90, 91, 93], "summary": {"covered_lines": 47, "num_statements": 47, "percent_covered": 100.0, "percent_covered_display": "100", "missing_lines": 0, "excluded_lines": 0, "percent_statements_covered": 100.0, "percent_statements_covered_display": "100"}, "missing_lines": [], "excluded_lines": [], "start_line": 13}, "main": {"executed_lines": [97, 98], "summary": {"covered_lines": 2, "num_statements": 90, "percent_covered": 2.2222222222222223, "percent_covered_display": "2", "missing_lines": 88, "excluded_lines": 0, "percent_statements_covered": 2.2222222222222223, "percent_statements_covered_display": "2"}, "missing_lines": [100, 102, 103, 104, 107, 108, 109, 111, 112, 113, 115, 120, 122, 123, 124, 125, 126, 127, 128, 129, 131, 132, 133, 134, 135, 136, 137, 139, 140, 141, 142, 143, 144, 145, 147, 148, 149, 150, 151, 152, 153, 155, 156, 157, 158, 159, 160, 161, 163, 164, 165, 167, 168, 169, 170, 172, 180, 181, 182, 183, 184, 185, 186, 187, 188, 190, 191, 192, 193, 194, 195, 196, 198, 199, 200, 201, 202, 203, 204, 206, 207, 208, 209, 210, 211, 212, 214, 215], "excluded_lines": [], "start_line": 96}, "": {"executed_lines": [5, 7, 8, 10, 13, 96, 218, 219], "summary": {"covered_lines": 8, "num_statements": 8, "percent_covered": 100.0, "percent_covered_display": "100", "missing_lines": 0, "excluded_lines": 0, "percent_statements_covered": 100.0, "percent_statements_covered_display": "100"}, "missing_lines": [], "excluded_lines": [], "start_line": 1}}, "classes": {"": {"executed_lines": [5, 7, 8, 10, 13, 14, 18, 19, 21, 24, 25, 26, 27, 28, 29, 32, 33, 34, 37, 38, 39, 40, 43, 44, 45, 48, 49, 53, 54, 55, 56, 57, 60, 63, 64, 65, 66, 69, 70, 73, 76, 79, 80, 81, 82, 83, 86, 87, 89, 90, 91, 93, 96, 97, 98, 218, 219], "summary": {"covered_lines": 57, "num_statements": 145, "percent_covered": 39.310344827586206, "percent_covered_display": "39", "missing_lines": 88, "excluded_lines": 0, "percent_statements_covered": 39.310344827586206, "percent_statements_covered_display": "39"}, "missing_lines": [100, 102, 103, 104, 107, 108, 109, 111, 112, 113, 115, 120, 122, 123, 124, 125, 126, 127, 128, 129, 131, 132, 133, 134, 135, 136, 137, 139, 140, 141, 142, 143, 144, 145, 147, 148, 149, 150, 151, 152, 153, 155, 156, 157, 158, 159, 160, 161, 163, 164, 165, 167, 168, 169, 170, 172, 180, 181, 182, 183, 184, 185, 186, 187, 188, 190, 191, 192, 193, 194, 195, 196, 198, 199, 200, 201, 202, 203, 204, 206, 207, 208, 209, 210, 211, 212, 214, 215], "excluded_lines": [], "start_line": 1}}}, "backoffice/aggregate.py": {"executed_lines": [7, 8, 9, 10, 12, 14, 42, 81, 83, 84, 85, 86, 87, 88, 89, 90, 93, 100, 102, 103, 104, 105, 106, 107, 109, 110, 112, 115, 118, 120, 121, 122, 123, 124, 125, 126, 129, 135, 136, 137, 140, 141, 142, 144, 167, 168, 169, 170, 171, 172, 173, 174, 176, 177, 178, 180, 183, 185, 186, 199, 200, 201, 203, 204, 205, 207, 208, 210, 211, 213, 214, 216, 217, 218, 219, 221, 223, 224, 225, 226, 227, 228, 229, 230, 231, 233, 234, 235, 236, 238, 239, 240, 241, 242, 243, 246, 247, 248, 249, 251, 267, 275, 277, 278, 287, 288, 289, 291, 292, 297, 299, 300, 301, 303, 304, 306, 307, 308, 309, 310, 311, 315, 317, 328, 329, 330, 332, 333, 334, 336, 338, 340, 341, 342, 343, 344, 345, 347, 349, 357, 359, 371, 374, 376, 377, 388, 390, 391, 400, 401, 402, 404, 405, 406, 408, 409, 410, 412, 413, 414, 416, 417, 418, 420, 431, 432, 468, 469, 471, 479, 481, 482, 483, 486, 488, 489, 490, 491, 493, 494, 495, 498, 501, 512, 516, 528, 529, 530, 531, 539, 540, 541, 548, 549, 550, 557, 560, 561, 568, 569, 570, 577, 580, 581, 588, 591, 592, 599, 602, 603, 610, 611, 620, 630, 633, 636, 637, 646, 647, 648, 650, 651, 652, 654, 655, 656, 658, 659, 660, 663, 664, 665, 666, 667, 669, 670, 671, 672, 673, 674, 675, 681, 690, 691, 692, 693, 695, 696, 697, 700], "summary": {"covered_lines": 250, "num_statements": 278, "percent_covered": 89.92805755395683, "percent_covered_display": "90", "missing_lines": 28, "excluded_lines": 0, "percent_statements_covered": 89.92805755395683, "percent_statements_covered_display": "90"}, "missing_lines": [108, 202, 290, 331, 335, 337, 339, 403, 517, 518, 519, 520, 521, 525, 612, 613, 617, 710, 711, 714, 715, 716, 717, 718, 720, 721, 722, 724], "excluded_lines": [], "functions": {"load_json": {"executed_lines": [83, 84, 85, 86, 87, 88, 89, 90], "summary": {"covered_lines": 8, "num_statements": 8, "percent_covered": 100.0, "percent_covered_display": "100", "missing_lines": 0, "excluded_lines": 0, "percent_statements_covered": 100.0, "percent_statements_covered_display": "100"}, "missing_lines": [], "excluded_lines": [], "start_line": 81}, "load_valid_repos": {"executed_lines": [100, 102, 103, 104, 105, 106, 107, 109, 110, 112, 115], "summary": {"covered_lines": 11, "num_statements": 12, "percent_covered": 91.66666666666667, "percent_covered_display": "92", "missing_lines": 1, "excluded_lines": 0, "percent_statements_covered": 91.66666666666667, "percent_statements_covered_display": "92"}, "missing_lines": [108], "excluded_lines": [], "start_line": 93}, "count_severities": {"executed_lines": [120, 121, 122, 123, 124, 125, 126], "summary": {"covered_lines": 7, "num_statements": 7, "percent_covered": 100.0, "percent_covered_display": "100", "missing_lines": 0, "excluded_lines": 0, "percent_statements_covered": 100.0, "percent_statements_covered_display": "100"}, "missing_lines": [], "excluded_lines": [], "start_line": 118}, "normalize_precalculated_summary": {"executed_lines": [135, 136, 137, 140, 141, 142, 144, 167, 168, 169, 170, 171, 172, 173, 174, 176, 177, 178, 180], "summary": {"covered_lines": 19, "num_statements": 19, "percent_covered": 100.0, "percent_covered_display": "100", "missing_lines": 0, "excluded_lines": 0, "percent_statements_covered": 100.0, "percent_statements_covered_display": "100"}, "missing_lines": [], "excluded_lines": [], "start_line": 129}, "aggregate_qa": {"executed_lines": [185, 186, 199, 200, 201, 203, 204, 205, 207, 208, 210, 211, 213, 214, 216, 217, 218, 219, 221, 223, 224, 225, 226, 227, 228, 229, 230, 231, 233, 234, 235, 236, 238, 239, 240, 241, 242, 243, 246, 247, 248, 249, 251, 267], "summary": {"covered_lines": 44, "num_statements": 45, "percent_covered": 97.77777777777777, "percent_covered_display": "98", "missing_lines": 1, "excluded_lines": 0, "percent_statements_covered": 97.77777777777777, "percent_statements_covered_display": "98"}, "missing_lines": [202], "excluded_lines": [], "start_line": 183}, "aggregate_department": {"executed_lines": [277, 278, 287, 288, 289, 291, 292, 297, 299, 300, 301, 303, 304, 306, 307, 308, 309, 310, 311, 315, 317, 328, 329, 330, 332, 333, 334, 336, 338, 340, 341, 342, 343, 344, 345, 347, 349], "summary": {"covered_lines": 37, "num_statements": 42, "percent_covered": 88.0952380952381, "percent_covered_display": "88", "missing_lines": 5, "excluded_lines": 0, "percent_statements_covered": 88.0952380952381, "percent_statements_covered_display": "88"}, "missing_lines": [290, 331, 335, 337, 339], "excluded_lines": [], "start_line": 275}, "is_privacy_finding": {"executed_lines": [359, 371], "summary": {"covered_lines": 2, "num_statements": 2, "percent_covered": 100.0, "percent_covered_display": "100", "missing_lines": 0, "excluded_lines": 0, "percent_statements_covered": 100.0, "percent_statements_covered_display": "100"}, "missing_lines": [], "excluded_lines": [], "start_line": 357}, "privacy_score": {"executed_lines": [376, 377], "summary": {"covered_lines": 2, "num_statements": 2, "percent_covered": 100.0, "percent_covered_display": "100", "missing_lines": 0, "excluded_lines": 0, "percent_statements_covered": 100.0, "percent_statements_covered_display": "100"}, "missing_lines": [], "excluded_lines": [], "start_line": 374}, "aggregate_privacy": {"executed_lines": [390, 391, 400, 401, 402, 404, 405, 406, 408, 409, 410, 412, 413, 414, 416, 417, 418, 420, 431, 432, 468, 469, 471], "summary": {"covered_lines": 23, "num_statements": 24, "percent_covered": 95.83333333333333, "percent_covered_display": "96", "missing_lines": 1, "excluded_lines": 0, "percent_statements_covered": 95.83333333333333, "percent_statements_covered_display": "96"}, "missing_lines": [403], "excluded_lines": [], "start_line": 388}, "write_json": {"executed_lines": [481, 482, 483], "summary": {"covered_lines": 3, "num_statements": 3, "percent_covered": 100.0, "percent_covered_display": "100", "missing_lines": 0, "excluded_lines": 0, "percent_statements_covered": 100.0, "percent_statements_covered_display": "100"}, "missing_lines": [], "excluded_lines": [], "start_line": 479}, "aggregate_self_audit": {"executed_lines": [488, 489, 490, 491, 493, 494, 495], "summary": {"covered_lines": 7, "num_statements": 7, "percent_covered": 100.0, "percent_covered_display": "100", "missing_lines": 0, "excluded_lines": 0, "percent_statements_covered": 100.0, "percent_statements_covered_display": "100"}, "missing_lines": [], "excluded_lines": [], "start_line": 486}, "aggregate": {"executed_lines": [512, 516, 528, 529, 530, 531, 539, 540, 541, 548, 549, 550, 557, 560, 561, 568, 569, 570, 577, 580, 581, 588, 591, 592, 599, 602, 603, 610, 611, 620, 630, 633, 636, 637, 646, 647, 648, 650, 651, 652, 654, 655, 656, 658, 659, 660, 663, 664, 665, 666, 667, 669, 670, 671, 672, 673, 674, 675, 681, 690, 691, 692, 693, 695, 696, 697], "summary": {"covered_lines": 66, "num_statements": 75, "percent_covered": 88.0, "percent_covered_display": "88", "missing_lines": 9, "excluded_lines": 0, "percent_statements_covered": 88.0, "percent_statements_covered_display": "88"}, "missing_lines": [517, 518, 519, 520, 521, 525, 612, 613, 617], "excluded_lines": [], "start_line": 501}, "main": {"executed_lines": [], "summary": {"covered_lines": 0, "num_statements": 11, "percent_covered": 0.0, "percent_covered_display": "0", "missing_lines": 11, "excluded_lines": 0, "percent_statements_covered": 0.0, "percent_statements_covered_display": "0"}, "missing_lines": [710, 711, 714, 715, 716, 717, 718, 720, 721, 722, 724], "excluded_lines": [], "start_line": 700}, "": {"executed_lines": [7, 8, 9, 10, 12, 14, 42, 81, 93, 118, 129, 183, 275, 357, 374, 388, 479, 486, 498, 501, 700], "summary": {"covered_lines": 21, "num_statements": 21, "percent_covered": 100.0, "percent_covered_display": "100", "missing_lines": 0, "excluded_lines": 0, "percent_statements_covered": 100.0, "percent_statements_covered_display": "100"}, "missing_lines": [], "excluded_lines": [], "start_line": 1}}, "classes": {"": {"executed_lines": [7, 8, 9, 10, 12, 14, 42, 81, 83, 84, 85, 86, 87, 88, 89, 90, 93, 100, 102, 103, 104, 105, 106, 107, 109, 110, 112, 115, 118, 120, 121, 122, 123, 124, 125, 126, 129, 135, 136, 137, 140, 141, 142, 144, 167, 168, 169, 170, 171, 172, 173, 174, 176, 177, 178, 180, 183, 185, 186, 199, 200, 201, 203, 204, 205, 207, 208, 210, 211, 213, 214, 216, 217, 218, 219, 221, 223, 224, 225, 226, 227, 228, 229, 230, 231, 233, 234, 235, 236, 238, 239, 240, 241, 242, 243, 246, 247, 248, 249, 251, 267, 275, 277, 278, 287, 288, 289, 291, 292, 297, 299, 300, 301, 303, 304, 306, 307, 308, 309, 310, 311, 315, 317, 328, 329, 330, 332, 333, 334, 336, 338, 340, 341, 342, 343, 344, 345, 347, 349, 357, 359, 371, 374, 376, 377, 388, 390, 391, 400, 401, 402, 404, 405, 406, 408, 409, 410, 412, 413, 414, 416, 417, 418, 420, 431, 432, 468, 469, 471, 479, 481, 482, 483, 486, 488, 489, 490, 491, 493, 494, 495, 498, 501, 512, 516, 528, 529, 530, 531, 539, 540, 541, 548, 549, 550, 557, 560, 561, 568, 569, 570, 577, 580, 581, 588, 591, 592, 599, 602, 603, 610, 611, 620, 630, 633, 636, 637, 646, 647, 648, 650, 651, 652, 654, 655, 656, 658, 659, 660, 663, 664, 665, 666, 667, 669, 670, 671, 672, 673, 674, 675, 681, 690, 691, 692, 693, 695, 696, 697, 700], "summary": {"covered_lines": 250, "num_statements": 278, "percent_covered": 89.92805755395683, "percent_covered_display": "90", "missing_lines": 28, "excluded_lines": 0, "percent_statements_covered": 89.92805755395683, "percent_statements_covered_display": "90"}, "missing_lines": [108, 202, 290, 331, 335, 337, 339, 403, 517, 518, 519, 520, 521, 525, 612, 613, 617, 710, 711, 714, 715, 716, 717, 718, 720, 721, 722, 724], "excluded_lines": [], "start_line": 1}}}, "backoffice/api_server.py": {"executed_lines": [13, 15, 16, 17, 18, 19, 20, 21, 22, 23, 24, 25, 26, 28, 34, 43, 49, 52, 53, 60, 69, 70, 72, 73, 75, 77, 78, 79, 81, 88, 94, 95, 96, 97, 98, 100, 101, 102, 104, 105, 107, 108, 110, 111, 113, 114, 115, 118, 120, 121, 133, 146, 154, 155, 156, 157, 158, 160, 167, 171, 172, 173, 174, 180, 182, 183, 184, 185, 186, 187, 188, 189, 190, 196, 202, 203, 204, 205, 206, 212, 213, 214, 216, 217, 221, 222, 223, 224, 225, 226, 227, 228, 234, 236, 237, 238, 240, 241, 243, 244, 245, 246, 247, 250, 252, 253, 255, 256, 257, 259, 260, 272, 273, 274, 276, 277, 283, 299, 300, 301, 302, 304, 305, 309, 311, 312, 313, 316, 318, 319, 324, 325, 326, 335, 336, 338, 339, 345, 399, 412, 414, 415, 416, 417, 418, 425], "summary": {"covered_lines": 146, "num_statements": 254, "percent_covered": 57.48031496062992, "percent_covered_display": "57", "missing_lines": 108, "excluded_lines": 0, "percent_statements_covered": 57.48031496062992, "percent_statements_covered_display": "57"}, "missing_lines": [109, 135, 136, 215, 218, 219, 248, 261, 262, 263, 264, 266, 284, 285, 286, 287, 288, 289, 290, 291, 292, 293, 320, 321, 327, 328, 329, 330, 331, 332, 333, 346, 347, 348, 350, 351, 352, 355, 357, 358, 359, 360, 364, 366, 368, 370, 371, 372, 373, 380, 381, 382, 383, 384, 385, 386, 387, 388, 390, 391, 392, 401, 402, 403, 437, 438, 440, 443, 444, 446, 447, 448, 449, 450, 451, 452, 453, 455, 458, 459, 460, 461, 462, 463, 464, 465, 467, 468, 469, 473, 474, 477, 478, 481, 483, 490, 497, 498, 499, 500, 501, 502, 504, 505, 506, 507, 508, 509], "excluded_lines": [], "functions": {"resolve_target": {"executed_lines": [69, 70, 72, 73, 75, 77, 78, 79, 81], "summary": {"covered_lines": 9, "num_statements": 9, "percent_covered": 100.0, "percent_covered_display": "100", "missing_lines": 0, "excluded_lines": 0, "percent_statements_covered": 100.0, "percent_statements_covered_display": "100"}, "missing_lines": [], "excluded_lines": [], "start_line": 60}, "run_agent": {"executed_lines": [94, 95, 96, 97, 98, 100, 107, 108, 110, 111, 113, 114, 115], "summary": {"covered_lines": 13, "num_statements": 14, "percent_covered": 92.85714285714286, "percent_covered_display": "93", "missing_lines": 1, "excluded_lines": 0, "percent_statements_covered": 92.85714285714286, "percent_statements_covered_display": "93"}, "missing_lines": [109], "excluded_lines": [], "start_line": 88}, "run_agent._run": {"executed_lines": [101, 102, 104, 105], "summary": {"covered_lines": 4, "num_statements": 4, "percent_covered": 100.0, "percent_covered_display": "100", "missing_lines": 0, "excluded_lines": 0, "percent_statements_covered": 100.0, "percent_statements_covered_display": "100"}, "missing_lines": [], "excluded_lines": [], "start_line": 100}, "init_jobs": {"executed_lines": [120, 121], "summary": {"covered_lines": 2, "num_statements": 2, "percent_covered": 100.0, "percent_covered_display": "100", "missing_lines": 0, "excluded_lines": 0, "percent_statements_covered": 100.0, "percent_statements_covered_display": "100"}, "missing_lines": [], "excluded_lines": [], "start_line": 118}, "finalize_jobs": {"executed_lines": [], "summary": {"covered_lines": 0, "num_statements": 2, "percent_covered": 0.0, "percent_covered_display": "0", "missing_lines": 2, "excluded_lines": 0, "percent_statements_covered": 0.0, "percent_statements_covered_display": "0"}, "missing_lines": [135, 136], "excluded_lines": [], "start_line": 133}, "create_api_handler": {"executed_lines": [154, 155, 156, 157, 158, 160], "summary": {"covered_lines": 6, "num_statements": 6, "percent_covered": 100.0, "percent_covered_display": "100", "missing_lines": 0, "excluded_lines": 0, "percent_statements_covered": 100.0, "percent_statements_covered_display": "100"}, "missing_lines": [], "excluded_lines": [], "start_line": 146}, "APIHandler._cors_headers": {"executed_lines": [182, 183, 184, 185, 186, 187, 188, 189, 190], "summary": {"covered_lines": 9, "num_statements": 9, "percent_covered": 100.0, "percent_covered_display": "100", "missing_lines": 0, "excluded_lines": 0, "percent_statements_covered": 100.0, "percent_statements_covered_display": "100"}, "missing_lines": [], "excluded_lines": [], "start_line": 180}, "APIHandler._check_auth": {"executed_lines": [202, 203, 204, 205, 206], "summary": {"covered_lines": 5, "num_statements": 5, "percent_covered": 100.0, "percent_covered_display": "100", "missing_lines": 0, "excluded_lines": 0, "percent_statements_covered": 100.0, "percent_statements_covered_display": "100"}, "missing_lines": [], "excluded_lines": [], "start_line": 196}, "APIHandler._read_body": {"executed_lines": [213, 214, 216, 217], "summary": {"covered_lines": 4, "num_statements": 7, "percent_covered": 57.142857142857146, "percent_covered_display": "57", "missing_lines": 3, "excluded_lines": 0, "percent_statements_covered": 57.142857142857146, "percent_statements_covered_display": "57"}, "missing_lines": [215, 218, 219], "excluded_lines": [], "start_line": 212}, "APIHandler._json_response": {"executed_lines": [222, 223, 224, 225, 226, 227, 228], "summary": {"covered_lines": 7, "num_statements": 7, "percent_covered": 100.0, "percent_covered_display": "100", "missing_lines": 0, "excluded_lines": 0, "percent_statements_covered": 100.0, "percent_statements_covered_display": "100"}, "missing_lines": [], "excluded_lines": [], "start_line": 221}, "APIHandler.do_OPTIONS": {"executed_lines": [236, 237, 238], "summary": {"covered_lines": 3, "num_statements": 3, "percent_covered": 100.0, "percent_covered_display": "100", "missing_lines": 0, "excluded_lines": 0, "percent_statements_covered": 100.0, "percent_statements_covered_display": "100"}, "missing_lines": [], "excluded_lines": [], "start_line": 234}, "APIHandler.do_GET": {"executed_lines": [241, 243, 244, 245, 246, 247, 250], "summary": {"covered_lines": 7, "num_statements": 8, "percent_covered": 87.5, "percent_covered_display": "88", "missing_lines": 1, "excluded_lines": 0, "percent_statements_covered": 87.5, "percent_statements_covered_display": "88"}, "missing_lines": [248], "excluded_lines": [], "start_line": 240}, "APIHandler.do_POST": {"executed_lines": [253, 255, 256, 257, 259, 260], "summary": {"covered_lines": 6, "num_statements": 11, "percent_covered": 54.54545454545455, "percent_covered_display": "55", "missing_lines": 5, "excluded_lines": 0, "percent_statements_covered": 54.54545454545455, "percent_statements_covered_display": "55"}, "missing_lines": [261, 262, 263, 264, 266], "excluded_lines": [], "start_line": 252}, "APIHandler._handle_status": {"executed_lines": [273, 274, 276, 277], "summary": {"covered_lines": 4, "num_statements": 4, "percent_covered": 100.0, "percent_covered_display": "100", "missing_lines": 0, "excluded_lines": 0, "percent_statements_covered": 100.0, "percent_statements_covered_display": "100"}, "missing_lines": [], "excluded_lines": [], "start_line": 272}, "APIHandler._handle_get_jobs": {"executed_lines": [], "summary": {"covered_lines": 0, "num_statements": 10, "percent_covered": 0.0, "percent_covered_display": "0", "missing_lines": 10, "excluded_lines": 0, "percent_statements_covered": 0.0, "percent_statements_covered_display": "0"}, "missing_lines": [284, 285, 286, 287, 288, 289, 290, 291, 292, 293], "excluded_lines": [], "start_line": 283}, "APIHandler._handle_run_scan": {"executed_lines": [300, 301, 302, 304, 305, 309, 311, 312, 313, 316, 318, 319, 324, 325, 326, 335, 336, 338, 339], "summary": {"covered_lines": 19, "num_statements": 28, "percent_covered": 67.85714285714286, "percent_covered_display": "68", "missing_lines": 9, "excluded_lines": 0, "percent_statements_covered": 67.85714285714286, "percent_statements_covered_display": "68"}, "missing_lines": [320, 321, 327, 328, 329, 330, 331, 332, 333], "excluded_lines": [], "start_line": 299}, "APIHandler._handle_run_all": {"executed_lines": [], "summary": {"covered_lines": 0, "num_statements": 30, "percent_covered": 0.0, "percent_covered_display": "0", "missing_lines": 30, "excluded_lines": 0, "percent_statements_covered": 0.0, "percent_statements_covered_display": "0"}, "missing_lines": [346, 347, 348, 350, 351, 352, 355, 357, 358, 359, 360, 364, 366, 368, 370, 371, 372, 373, 380, 381, 382, 383, 384, 385, 386, 387, 388, 390, 391, 392], "excluded_lines": [], "start_line": 345}, "APIHandler._handle_stop": {"executed_lines": [], "summary": {"covered_lines": 0, "num_statements": 3, "percent_covered": 0.0, "percent_covered_display": "0", "missing_lines": 3, "excluded_lines": 0, "percent_statements_covered": 0.0, "percent_statements_covered_display": "0"}, "missing_lines": [401, 402, 403], "excluded_lines": [], "start_line": 399}, "APIHandler.log_message": {"executed_lines": [414, 415, 416, 417, 418], "summary": {"covered_lines": 5, "num_statements": 5, "percent_covered": 100.0, "percent_covered_display": "100", "missing_lines": 0, "excluded_lines": 0, "percent_statements_covered": 100.0, "percent_statements_covered_display": "100"}, "missing_lines": [], "excluded_lines": [], "start_line": 412}, "main": {"executed_lines": [], "summary": {"covered_lines": 0, "num_statements": 44, "percent_covered": 0.0, "percent_covered_display": "0", "missing_lines": 44, "excluded_lines": 0, "percent_statements_covered": 0.0, "percent_statements_covered_display": "0"}, "missing_lines": [437, 438, 440, 443, 444, 446, 447, 448, 449, 450, 451, 452, 453, 455, 458, 459, 460, 461, 462, 463, 464, 465, 467, 468, 469, 473, 474, 477, 478, 481, 483, 490, 497, 498, 499, 500, 501, 502, 504, 505, 506, 507, 508, 509], "excluded_lines": [], "start_line": 425}, "": {"executed_lines": [13, 15, 16, 17, 18, 19, 20, 21, 22, 23, 24, 25, 26, 28, 34, 43, 49, 52, 53, 60, 88, 118, 133, 146, 167, 171, 172, 173, 174, 180, 196, 212, 221, 234, 240, 252, 272, 283, 299, 345, 399, 412, 425], "summary": {"covered_lines": 43, "num_statements": 43, "percent_covered": 100.0, "percent_covered_display": "100", "missing_lines": 0, "excluded_lines": 0, "percent_statements_covered": 100.0, "percent_statements_covered_display": "100"}, "missing_lines": [], "excluded_lines": [], "start_line": 1}}, "classes": {"create_api_handler._APIHandler": {"executed_lines": [], "summary": {"covered_lines": 0, "num_statements": 0, "percent_covered": 100.0, "percent_covered_display": "100", "missing_lines": 0, "excluded_lines": 0, "percent_statements_covered": 100.0, "percent_statements_covered_display": "100"}, "missing_lines": [], "excluded_lines": [], "start_line": 154}, "APIHandler": {"executed_lines": [182, 183, 184, 185, 186, 187, 188, 189, 190, 202, 203, 204, 205, 206, 213, 214, 216, 217, 222, 223, 224, 225, 226, 227, 228, 236, 237, 238, 241, 243, 244, 245, 246, 247, 250, 253, 255, 256, 257, 259, 260, 273, 274, 276, 277, 300, 301, 302, 304, 305, 309, 311, 312, 313, 316, 318, 319, 324, 325, 326, 335, 336, 338, 339, 414, 415, 416, 417, 418], "summary": {"covered_lines": 69, "num_statements": 130, "percent_covered": 53.07692307692308, "percent_covered_display": "53", "missing_lines": 61, "excluded_lines": 0, "percent_statements_covered": 53.07692307692308, "percent_statements_covered_display": "53"}, "missing_lines": [215, 218, 219, 248, 261, 262, 263, 264, 266, 284, 285, 286, 287, 288, 289, 290, 291, 292, 293, 320, 321, 327, 328, 329, 330, 331, 332, 333, 346, 347, 348, 350, 351, 352, 355, 357, 358, 359, 360, 364, 366, 368, 370, 371, 372, 373, 380, 381, 382, 383, 384, 385, 386, 387, 388, 390, 391, 392, 401, 402, 403], "excluded_lines": [], "start_line": 167}, "": {"executed_lines": [13, 15, 16, 17, 18, 19, 20, 21, 22, 23, 24, 25, 26, 28, 34, 43, 49, 52, 53, 60, 69, 70, 72, 73, 75, 77, 78, 79, 81, 88, 94, 95, 96, 97, 98, 100, 101, 102, 104, 105, 107, 108, 110, 111, 113, 114, 115, 118, 120, 121, 133, 146, 154, 155, 156, 157, 158, 160, 167, 171, 172, 173, 174, 180, 196, 212, 221, 234, 240, 252, 272, 283, 299, 345, 399, 412, 425], "summary": {"covered_lines": 77, "num_statements": 124, "percent_covered": 62.096774193548384, "percent_covered_display": "62", "missing_lines": 47, "excluded_lines": 0, "percent_statements_covered": 62.096774193548384, "percent_statements_covered_display": "62"}, "missing_lines": [109, 135, 136, 437, 438, 440, 443, 444, 446, 447, 448, 449, 450, 451, 452, 453, 455, 458, 459, 460, 461, 462, 463, 464, 465, 467, 468, 469, 473, 474, 477, 478, 481, 483, 490, 497, 498, 499, 500, 501, 502, 504, 505, 506, 507, 508, 509], "excluded_lines": [], "start_line": 1}}}, "backoffice/backends/__init__.py": {"executed_lines": [10, 12, 13, 15, 21, 23, 24, 25, 26, 29, 31, 32, 33, 34, 35], "summary": {"covered_lines": 15, "num_statements": 15, "percent_covered": 100.0, "percent_covered_display": "100", "missing_lines": 0, "excluded_lines": 0, "percent_statements_covered": 100.0, "percent_statements_covered_display": "100"}, "missing_lines": [], "excluded_lines": [], "functions": {"get_backend": {"executed_lines": [23, 24, 25, 26], "summary": {"covered_lines": 4, "num_statements": 4, "percent_covered": 100.0, "percent_covered_display": "100", "missing_lines": 0, "excluded_lines": 0, "percent_statements_covered": 100.0, "percent_statements_covered_display": "100"}, "missing_lines": [], "excluded_lines": [], "start_line": 21}, "get_all_backends": {"executed_lines": [31, 32, 33, 34, 35], "summary": {"covered_lines": 5, "num_statements": 5, "percent_covered": 100.0, "percent_covered_display": "100", "missing_lines": 0, "excluded_lines": 0, "percent_statements_covered": 100.0, "percent_statements_covered_display": "100"}, "missing_lines": [], "excluded_lines": [], "start_line": 29}, "": {"executed_lines": [10, 12, 13, 15, 21, 29], "summary": {"covered_lines": 6, "num_statements": 6, "percent_covered": 100.0, "percent_covered_display": "100", "missing_lines": 0, "excluded_lines": 0, "percent_statements_covered": 100.0, "percent_statements_covered_display": "100"}, "missing_lines": [], "excluded_lines": [], "start_line": 1}}, "classes": {"": {"executed_lines": [10, 12, 13, 15, 21, 23, 24, 25, 26, 29, 31, 32, 33, 34, 35], "summary": {"covered_lines": 15, "num_statements": 15, "percent_covered": 100.0, "percent_covered_display": "100", "missing_lines": 0, "excluded_lines": 0, "percent_statements_covered": 100.0, "percent_statements_covered_display": "100"}, "missing_lines": [], "excluded_lines": [], "start_line": 1}}}, "backoffice/backends/base.py": {"executed_lines": [6, 8, 9, 12, 13, 14, 15, 16, 19, 20, 21, 22, 23, 24, 25, 26, 27, 28, 29, 30, 33, 34, 35, 36, 37, 38, 39, 40, 41, 42, 45, 46, 47, 48, 49, 50, 51, 54, 57], "summary": {"covered_lines": 39, "num_statements": 39, "percent_covered": 100.0, "percent_covered_display": "100", "missing_lines": 0, "excluded_lines": 15, "percent_statements_covered": 100.0, "percent_statements_covered_display": "100"}, "missing_lines": [], "excluded_lines": [59, 60, 61, 62, 63, 64, 65, 66, 67, 68, 69, 70, 71, 72, 73], "functions": {"Backend.health_check": {"executed_lines": [], "summary": {"covered_lines": 0, "num_statements": 0, "percent_covered": 100.0, "percent_covered_display": "100", "missing_lines": 0, "excluded_lines": 1, "percent_statements_covered": 100.0, "percent_statements_covered_display": "100"}, "missing_lines": [], "excluded_lines": [60], "start_line": 60}, "Backend.capabilities": {"executed_lines": [], "summary": {"covered_lines": 0, "num_statements": 0, "percent_covered": 100.0, "percent_covered_display": "100", "missing_lines": 0, "excluded_lines": 1, "percent_statements_covered": 100.0, "percent_statements_covered_display": "100"}, "missing_lines": [], "excluded_lines": [63], "start_line": 63}, "Backend.check_limits": {"executed_lines": [], "summary": {"covered_lines": 0, "num_statements": 0, "percent_covered": 100.0, "percent_covered_display": "100", "missing_lines": 0, "excluded_lines": 1, "percent_statements_covered": 100.0, "percent_statements_covered_display": "100"}, "missing_lines": [], "excluded_lines": [66], "start_line": 66}, "Backend.build_command": {"executed_lines": [], "summary": {"covered_lines": 0, "num_statements": 0, "percent_covered": 100.0, "percent_covered_display": "100", "missing_lines": 0, "excluded_lines": 1, "percent_statements_covered": 100.0, "percent_statements_covered_display": "100"}, "missing_lines": [], "excluded_lines": [69], "start_line": 69}, "Backend.invoke": {"executed_lines": [], "summary": {"covered_lines": 0, "num_statements": 0, "percent_covered": 100.0, "percent_covered_display": "100", "missing_lines": 0, "excluded_lines": 1, "percent_statements_covered": 100.0, "percent_statements_covered_display": "100"}, "missing_lines": [], "excluded_lines": [72], "start_line": 72}, "": {"executed_lines": [6, 8, 9, 12, 13, 14, 15, 16, 19, 20, 21, 22, 23, 24, 25, 26, 27, 28, 29, 30, 33, 34, 35, 36, 37, 38, 39, 40, 41, 42, 45, 46, 47, 48, 49, 50, 51, 54, 57], "summary": {"covered_lines": 39, "num_statements": 39, "percent_covered": 100.0, "percent_covered_display": "100", "missing_lines": 0, "excluded_lines": 9, "percent_statements_covered": 100.0, "percent_statements_covered_display": "100"}, "missing_lines": [], "excluded_lines": [59, 61, 62, 64, 65, 67, 68, 70, 71], "start_line": 1}}, "classes": {"HealthStatus": {"executed_lines": [], "summary": {"covered_lines": 0, "num_statements": 0, "percent_covered": 100.0, "percent_covered_display": "100", "missing_lines": 0, "excluded_lines": 0, "percent_statements_covered": 100.0, "percent_statements_covered_display": "100"}, "missing_lines": [], "excluded_lines": [], "start_line": 13}, "Capabilities": {"executed_lines": [], "summary": {"covered_lines": 0, "num_statements": 0, "percent_covered": 100.0, "percent_covered_display": "100", "missing_lines": 0, "excluded_lines": 0, "percent_statements_covered": 100.0, "percent_statements_covered_display": "100"}, "missing_lines": [], "excluded_lines": [], "start_line": 20}, "LimitState": {"executed_lines": [], "summary": {"covered_lines": 0, "num_statements": 0, "percent_covered": 100.0, "percent_covered_display": "100", "missing_lines": 0, "excluded_lines": 0, "percent_statements_covered": 100.0, "percent_statements_covered_display": "100"}, "missing_lines": [], "excluded_lines": [], "start_line": 34}, "InvocationResult": {"executed_lines": [], "summary": {"covered_lines": 0, "num_statements": 0, "percent_covered": 100.0, "percent_covered_display": "100", "missing_lines": 0, "excluded_lines": 0, "percent_statements_covered": 100.0, "percent_statements_covered_display": "100"}, "missing_lines": [], "excluded_lines": [], "start_line": 46}, "Backend": {"executed_lines": [], "summary": {"covered_lines": 0, "num_statements": 0, "percent_covered": 100.0, "percent_covered_display": "100", "missing_lines": 0, "excluded_lines": 5, "percent_statements_covered": 100.0, "percent_statements_covered_display": "100"}, "missing_lines": [], "excluded_lines": [60, 63, 66, 69, 72], "start_line": 54}, "": {"executed_lines": [6, 8, 9, 12, 13, 14, 15, 16, 19, 20, 21, 22, 23, 24, 25, 26, 27, 28, 29, 30, 33, 34, 35, 36, 37, 38, 39, 40, 41, 42, 45, 46, 47, 48, 49, 50, 51, 54, 57], "summary": {"covered_lines": 39, "num_statements": 39, "percent_covered": 100.0, "percent_covered_display": "100", "missing_lines": 0, "excluded_lines": 9, "percent_statements_covered": 100.0, "percent_statements_covered_display": "100"}, "missing_lines": [], "excluded_lines": [59, 61, 62, 64, 65, 67, 68, 70, 71], "start_line": 1}}}, "backoffice/backends/claude.py": {"executed_lines": [5, 7, 8, 9, 11, 20, 21, 23, 24, 25, 26, 27, 29, 30, 31, 32, 39, 40, 53, 54, 55, 66, 69, 70, 71, 72, 73, 74, 75, 76, 78], "summary": {"covered_lines": 31, "num_statements": 41, "percent_covered": 75.60975609756098, "percent_covered_display": "76", "missing_lines": 10, "excluded_lines": 0, "percent_statements_covered": 75.60975609756098, "percent_statements_covered_display": "76"}, "missing_lines": [35, 81, 82, 83, 84, 92, 99, 100, 107, 108], "excluded_lines": [], "functions": {"ClaudeBackend.__init__": {"executed_lines": [24, 25, 26, 27], "summary": {"covered_lines": 4, "num_statements": 4, "percent_covered": 100.0, "percent_covered_display": "100", "missing_lines": 0, "excluded_lines": 0, "percent_statements_covered": 100.0, "percent_statements_covered_display": "100"}, "missing_lines": [], "excluded_lines": [], "start_line": 23}, "ClaudeBackend.health_check": {"executed_lines": [30, 31, 32], "summary": {"covered_lines": 3, "num_statements": 4, "percent_covered": 75.0, "percent_covered_display": "75", "missing_lines": 1, "excluded_lines": 0, "percent_statements_covered": 75.0, "percent_statements_covered_display": "75"}, "missing_lines": [35], "excluded_lines": [], "start_line": 29}, "ClaudeBackend.capabilities": {"executed_lines": [40], "summary": {"covered_lines": 1, "num_statements": 1, "percent_covered": 100.0, "percent_covered_display": "100", "missing_lines": 0, "excluded_lines": 0, "percent_statements_covered": 100.0, "percent_statements_covered_display": "100"}, "missing_lines": [], "excluded_lines": [], "start_line": 39}, "ClaudeBackend.check_limits": {"executed_lines": [54, 55], "summary": {"covered_lines": 2, "num_statements": 2, "percent_covered": 100.0, "percent_covered_display": "100", "missing_lines": 0, "excluded_lines": 0, "percent_statements_covered": 100.0, "percent_statements_covered_display": "100"}, "missing_lines": [], "excluded_lines": [], "start_line": 53}, "ClaudeBackend.build_command": {"executed_lines": [69, 70, 71, 72, 73, 74, 75, 76], "summary": {"covered_lines": 8, "num_statements": 8, "percent_covered": 100.0, "percent_covered_display": "100", "missing_lines": 0, "excluded_lines": 0, "percent_statements_covered": 100.0, "percent_statements_covered_display": "100"}, "missing_lines": [], "excluded_lines": [], "start_line": 66}, "ClaudeBackend.invoke": {"executed_lines": [], "summary": {"covered_lines": 0, "num_statements": 9, "percent_covered": 0.0, "percent_covered_display": "0", "missing_lines": 9, "excluded_lines": 0, "percent_statements_covered": 0.0, "percent_statements_covered_display": "0"}, "missing_lines": [81, 82, 83, 84, 92, 99, 100, 107, 108], "excluded_lines": [], "start_line": 78}, "": {"executed_lines": [5, 7, 8, 9, 11, 20, 21, 23, 29, 39, 53, 66, 78], "summary": {"covered_lines": 13, "num_statements": 13, "percent_covered": 100.0, "percent_covered_display": "100", "missing_lines": 0, "excluded_lines": 0, "percent_statements_covered": 100.0, "percent_statements_covered_display": "100"}, "missing_lines": [], "excluded_lines": [], "start_line": 1}}, "classes": {"ClaudeBackend": {"executed_lines": [24, 25, 26, 27, 30, 31, 32, 40, 54, 55, 69, 70, 71, 72, 73, 74, 75, 76], "summary": {"covered_lines": 18, "num_statements": 28, "percent_covered": 64.28571428571429, "percent_covered_display": "64", "missing_lines": 10, "excluded_lines": 0, "percent_statements_covered": 64.28571428571429, "percent_statements_covered_display": "64"}, "missing_lines": [35, 81, 82, 83, 84, 92, 99, 100, 107, 108], "excluded_lines": [], "start_line": 20}, "": {"executed_lines": [5, 7, 8, 9, 11, 20, 21, 23, 29, 39, 53, 66, 78], "summary": {"covered_lines": 13, "num_statements": 13, "percent_covered": 100.0, "percent_covered_display": "100", "missing_lines": 0, "excluded_lines": 0, "percent_statements_covered": 100.0, "percent_statements_covered_display": "100"}, "missing_lines": [], "excluded_lines": [], "start_line": 1}}}, "backoffice/backends/codex.py": {"executed_lines": [5, 7, 8, 10, 19, 20, 22, 23, 24, 25, 26, 28, 29, 30, 31, 38, 39, 52, 53, 54, 65, 68, 69, 76, 78], "summary": {"covered_lines": 25, "num_statements": 34, "percent_covered": 73.52941176470588, "percent_covered_display": "74", "missing_lines": 9, "excluded_lines": 0, "percent_statements_covered": 73.52941176470588, "percent_statements_covered_display": "74"}, "missing_lines": [34, 81, 82, 83, 90, 97, 98, 105, 106], "excluded_lines": [], "functions": {"CodexBackend.__init__": {"executed_lines": [23, 24, 25, 26], "summary": {"covered_lines": 4, "num_statements": 4, "percent_covered": 100.0, "percent_covered_display": "100", "missing_lines": 0, "excluded_lines": 0, "percent_statements_covered": 100.0, "percent_statements_covered_display": "100"}, "missing_lines": [], "excluded_lines": [], "start_line": 22}, "CodexBackend.health_check": {"executed_lines": [29, 30, 31], "summary": {"covered_lines": 3, "num_statements": 4, "percent_covered": 75.0, "percent_covered_display": "75", "missing_lines": 1, "excluded_lines": 0, "percent_statements_covered": 75.0, "percent_statements_covered_display": "75"}, "missing_lines": [34], "excluded_lines": [], "start_line": 28}, "CodexBackend.capabilities": {"executed_lines": [39], "summary": {"covered_lines": 1, "num_statements": 1, "percent_covered": 100.0, "percent_covered_display": "100", "missing_lines": 0, "excluded_lines": 0, "percent_statements_covered": 100.0, "percent_statements_covered_display": "100"}, "missing_lines": [], "excluded_lines": [], "start_line": 38}, "CodexBackend.check_limits": {"executed_lines": [53, 54], "summary": {"covered_lines": 2, "num_statements": 2, "percent_covered": 100.0, "percent_covered_display": "100", "missing_lines": 0, "excluded_lines": 0, "percent_statements_covered": 100.0, "percent_statements_covered_display": "100"}, "missing_lines": [], "excluded_lines": [], "start_line": 52}, "CodexBackend.build_command": {"executed_lines": [68, 69, 76], "summary": {"covered_lines": 3, "num_statements": 3, "percent_covered": 100.0, "percent_covered_display": "100", "missing_lines": 0, "excluded_lines": 0, "percent_statements_covered": 100.0, "percent_statements_covered_display": "100"}, "missing_lines": [], "excluded_lines": [], "start_line": 65}, "CodexBackend.invoke": {"executed_lines": [], "summary": {"covered_lines": 0, "num_statements": 8, "percent_covered": 0.0, "percent_covered_display": "0", "missing_lines": 8, "excluded_lines": 0, "percent_statements_covered": 0.0, "percent_statements_covered_display": "0"}, "missing_lines": [81, 82, 83, 90, 97, 98, 105, 106], "excluded_lines": [], "start_line": 78}, "": {"executed_lines": [5, 7, 8, 10, 19, 20, 22, 28, 38, 52, 65, 78], "summary": {"covered_lines": 12, "num_statements": 12, "percent_covered": 100.0, "percent_covered_display": "100", "missing_lines": 0, "excluded_lines": 0, "percent_statements_covered": 100.0, "percent_statements_covered_display": "100"}, "missing_lines": [], "excluded_lines": [], "start_line": 1}}, "classes": {"CodexBackend": {"executed_lines": [23, 24, 25, 26, 29, 30, 31, 39, 53, 54, 68, 69, 76], "summary": {"covered_lines": 13, "num_statements": 22, "percent_covered": 59.09090909090909, "percent_covered_display": "59", "missing_lines": 9, "excluded_lines": 0, "percent_statements_covered": 59.09090909090909, "percent_statements_covered_display": "59"}, "missing_lines": [34, 81, 82, 83, 90, 97, 98, 105, 106], "excluded_lines": [], "start_line": 19}, "": {"executed_lines": [5, 7, 8, 10, 19, 20, 22, 28, 38, 52, 65, 78], "summary": {"covered_lines": 12, "num_statements": 12, "percent_covered": 100.0, "percent_covered_display": "100", "missing_lines": 0, "excluded_lines": 0, "percent_statements_covered": 100.0, "percent_statements_covered_display": "100"}, "missing_lines": [], "excluded_lines": [], "start_line": 1}}}, "backoffice/backlog.py": {"executed_lines": [10, 11, 12, 13, 14, 16, 18, 21, 36, 42, 46, 47, 50, 70, 71, 72, 73, 74, 76, 77, 78, 80, 81, 82, 83, 87, 88, 89, 91, 109, 110, 113, 114, 115, 116, 117, 119, 120, 121, 123, 124, 125, 126, 127, 129, 130, 131, 133, 136, 138, 139, 140, 141, 144, 147, 161, 162, 164, 166, 167, 168, 169, 170, 172, 174, 175, 176, 177, 178, 179, 180, 181, 182, 183, 184, 185, 187, 201, 202, 203, 205, 206, 207, 209, 212, 223, 224, 225, 226, 227, 232, 233, 239, 240, 242, 244, 245, 246, 248], "summary": {"covered_lines": 99, "num_statements": 104, "percent_covered": 95.1923076923077, "percent_covered_display": "95", "missing_lines": 5, "excluded_lines": 0, "percent_statements_covered": 95.1923076923077, "percent_statements_covered_display": "95"}, "missing_lines": [142, 143, 228, 229, 230], "excluded_lines": [], "functions": {"finding_hash": {"executed_lines": [42, 46, 47], "summary": {"covered_lines": 3, "num_statements": 3, "percent_covered": 100.0, "percent_covered_display": "100", "missing_lines": 0, "excluded_lines": 0, "percent_statements_covered": 100.0, "percent_statements_covered_display": "100"}, "missing_lines": [], "excluded_lines": [], "start_line": 36}, "normalize_finding": {"executed_lines": [70, 76, 77, 78, 80, 81, 82, 83, 87, 88, 89, 91, 109, 110, 113, 114, 115, 116, 117, 119, 120, 121, 123, 124, 125, 126, 127, 129, 130, 131, 133], "summary": {"covered_lines": 31, "num_statements": 31, "percent_covered": 100.0, "percent_covered_display": "100", "missing_lines": 0, "excluded_lines": 0, "percent_statements_covered": 100.0, "percent_statements_covered_display": "100"}, "missing_lines": [], "excluded_lines": [], "start_line": 50}, "normalize_finding._get": {"executed_lines": [71, 72, 73, 74], "summary": {"covered_lines": 4, "num_statements": 4, "percent_covered": 100.0, "percent_covered_display": "100", "missing_lines": 0, "excluded_lines": 0, "percent_statements_covered": 100.0, "percent_statements_covered_display": "100"}, "missing_lines": [], "excluded_lines": [], "start_line": 70}, "_load_backlog": {"executed_lines": [138, 139, 140, 141, 144], "summary": {"covered_lines": 5, "num_statements": 7, "percent_covered": 71.42857142857143, "percent_covered_display": "71", "missing_lines": 2, "excluded_lines": 0, "percent_statements_covered": 71.42857142857143, "percent_statements_covered_display": "71"}, "missing_lines": [142, 143], "excluded_lines": [], "start_line": 136}, "merge_backlog": {"executed_lines": [161, 162, 164, 166, 167, 168, 169, 170, 172, 174, 175, 176, 177, 178, 179, 180, 181, 182, 183, 184, 185, 187, 201, 202, 203, 205, 206, 207, 209], "summary": {"covered_lines": 29, "num_statements": 29, "percent_covered": 100.0, "percent_covered_display": "100", "missing_lines": 0, "excluded_lines": 0, "percent_statements_covered": 100.0, "percent_statements_covered_display": "100"}, "missing_lines": [], "excluded_lines": [], "start_line": 147}, "update_score_history": {"executed_lines": [223, 224, 225, 226, 227, 232, 233, 239, 240, 242, 244, 245, 246, 248], "summary": {"covered_lines": 14, "num_statements": 17, "percent_covered": 82.3529411764706, "percent_covered_display": "82", "missing_lines": 3, "excluded_lines": 0, "percent_statements_covered": 82.3529411764706, "percent_statements_covered_display": "82"}, "missing_lines": [228, 229, 230], "excluded_lines": [], "start_line": 212}, "": {"executed_lines": [10, 11, 12, 13, 14, 16, 18, 21, 36, 50, 136, 147, 212], "summary": {"covered_lines": 13, "num_statements": 13, "percent_covered": 100.0, "percent_covered_display": "100", "missing_lines": 0, "excluded_lines": 0, "percent_statements_covered": 100.0, "percent_statements_covered_display": "100"}, "missing_lines": [], "excluded_lines": [], "start_line": 1}}, "classes": {"": {"executed_lines": [10, 11, 12, 13, 14, 16, 18, 21, 36, 42, 46, 47, 50, 70, 71, 72, 73, 74, 76, 77, 78, 80, 81, 82, 83, 87, 88, 89, 91, 109, 110, 113, 114, 115, 116, 117, 119, 120, 121, 123, 124, 125, 126, 127, 129, 130, 131, 133, 136, 138, 139, 140, 141, 144, 147, 161, 162, 164, 166, 167, 168, 169, 170, 172, 174, 175, 176, 177, 178, 179, 180, 181, 182, 183, 184, 185, 187, 201, 202, 203, 205, 206, 207, 209, 212, 223, 224, 225, 226, 227, 232, 233, 239, 240, 242, 244, 245, 246, 248], "summary": {"covered_lines": 99, "num_statements": 104, "percent_covered": 95.1923076923077, "percent_covered_display": "95", "missing_lines": 5, "excluded_lines": 0, "percent_statements_covered": 95.1923076923077, "percent_statements_covered_display": "95"}, "missing_lines": [142, 143, 228, 229, 230], "excluded_lines": [], "start_line": 1}}}, "backoffice/config.py": {"executed_lines": [7, 9, 10, 11, 12, 13, 15, 17, 20, 24, 25, 26, 27, 30, 31, 32, 33, 34, 35, 36, 39, 40, 41, 44, 45, 46, 47, 48, 51, 52, 53, 54, 55, 56, 57, 58, 61, 62, 63, 64, 67, 68, 69, 70, 73, 74, 75, 76, 77, 78, 79, 80, 81, 82, 85, 86, 87, 88, 89, 90, 91, 92, 95, 96, 97, 100, 101, 102, 103, 104, 105, 106, 107, 108, 109, 112, 113, 114, 115, 116, 117, 118, 119, 120, 121, 122, 123, 126, 129, 130, 131, 132, 134, 135, 137, 147, 150, 151, 152, 167, 171, 186, 187, 188, 191, 194, 196, 207, 208, 212, 213, 217, 218, 219, 220, 221, 223, 226, 227, 228, 232, 233, 234, 235, 236, 237, 238, 240, 245, 247, 248, 249, 252, 257, 258, 262, 309, 312, 313, 315, 318, 320, 321, 322, 323, 324, 325, 326, 327, 328, 331, 332, 334, 338], "summary": {"covered_lines": 154, "num_statements": 170, "percent_covered": 90.58823529411765, "percent_covered_display": "91", "missing_lines": 16, "excluded_lines": 0, "percent_statements_covered": 90.58823529411765, "percent_statements_covered_display": "91"}, "missing_lines": [133, 136, 153, 172, 173, 174, 175, 176, 183, 192, 209, 210, 224, 314, 329, 330], "excluded_lines": [], "functions": {"_build_targets": {"executed_lines": [130, 131, 132, 134, 135, 137, 147], "summary": {"covered_lines": 7, "num_statements": 9, "percent_covered": 77.77777777777777, "percent_covered_display": "78", "missing_lines": 2, "excluded_lines": 0, "percent_statements_covered": 77.77777777777777, "percent_statements_covered_display": "78"}, "missing_lines": [133, 136], "excluded_lines": [], "start_line": 129}, "_build_dashboard_targets": {"executed_lines": [151, 152], "summary": {"covered_lines": 2, "num_statements": 3, "percent_covered": 66.66666666666667, "percent_covered_display": "67", "missing_lines": 1, "excluded_lines": 0, "percent_statements_covered": 66.66666666666667, "percent_statements_covered_display": "67"}, "missing_lines": [153], "excluded_lines": [], "start_line": 150}, "_build_agent_backends": {"executed_lines": [171, 186, 187, 188, 191, 194, 196], "summary": {"covered_lines": 7, "num_statements": 14, "percent_covered": 50.0, "percent_covered_display": "50", "missing_lines": 7, "excluded_lines": 0, "percent_statements_covered": 50.0, "percent_statements_covered_display": "50"}, "missing_lines": [172, 173, 174, 175, 176, 183, 192], "excluded_lines": [], "start_line": 167}, "load_config": {"executed_lines": [208, 212, 213, 217, 218, 219, 220, 221, 223, 226, 227, 228, 232, 233, 234, 235, 236, 237, 238, 240, 245, 247, 248, 249, 252, 257, 258, 262], "summary": {"covered_lines": 28, "num_statements": 31, "percent_covered": 90.3225806451613, "percent_covered_display": "90", "missing_lines": 3, "excluded_lines": 0, "percent_statements_covered": 90.3225806451613, "percent_statements_covered_display": "90"}, "missing_lines": [209, 210, 224], "excluded_lines": [], "start_line": 207}, "is_shell_safe": {"executed_lines": [313, 315], "summary": {"covered_lines": 2, "num_statements": 3, "percent_covered": 66.66666666666667, "percent_covered_display": "67", "missing_lines": 1, "excluded_lines": 0, "percent_statements_covered": 66.66666666666667, "percent_statements_covered_display": "67"}, "missing_lines": [314], "excluded_lines": [], "start_line": 312}, "shell_export": {"executed_lines": [320, 321, 322, 323, 324, 325, 326, 327, 328, 331, 332, 334, 338], "summary": {"covered_lines": 13, "num_statements": 15, "percent_covered": 86.66666666666667, "percent_covered_display": "87", "missing_lines": 2, "excluded_lines": 0, "percent_statements_covered": 86.66666666666667, "percent_statements_covered_display": "87"}, "missing_lines": [329, 330], "excluded_lines": [], "start_line": 318}, "": {"executed_lines": [7, 9, 10, 11, 12, 13, 15, 17, 20, 24, 25, 26, 27, 30, 31, 32, 33, 34, 35, 36, 39, 40, 41, 44, 45, 46, 47, 48, 51, 52, 53, 54, 55, 56, 57, 58, 61, 62, 63, 64, 67, 68, 69, 70, 73, 74, 75, 76, 77, 78, 79, 80, 81, 82, 85, 86, 87, 88, 89, 90, 91, 92, 95, 96, 97, 100, 101, 102, 103, 104, 105, 106, 107, 108, 109, 112, 113, 114, 115, 116, 117, 118, 119, 120, 121, 122, 123, 126, 129, 150, 167, 207, 309, 312, 318], "summary": {"covered_lines": 95, "num_statements": 95, "percent_covered": 100.0, "percent_covered_display": "100", "missing_lines": 0, "excluded_lines": 0, "percent_statements_covered": 100.0, "percent_statements_covered_display": "100"}, "missing_lines": [], "excluded_lines": [], "start_line": 1}}, "classes": {"ConfigError": {"executed_lines": [], "summary": {"covered_lines": 0, "num_statements": 0, "percent_covered": 100.0, "percent_covered_display": "100", "missing_lines": 0, "excluded_lines": 0, "percent_statements_covered": 100.0, "percent_statements_covered_display": "100"}, "missing_lines": [], "excluded_lines": [], "start_line": 20}, "RunnerConfig": {"executed_lines": [], "summary": {"covered_lines": 0, "num_statements": 0, "percent_covered": 100.0, "percent_covered_display": "100", "missing_lines": 0, "excluded_lines": 0, "percent_statements_covered": 100.0, "percent_statements_covered_display": "100"}, "missing_lines": [], "excluded_lines": [], "start_line": 25}, "BackendConfig": {"executed_lines": [], "summary": {"covered_lines": 0, "num_statements": 0, "percent_covered": 100.0, "percent_covered_display": "100", "missing_lines": 0, "excluded_lines": 0, "percent_statements_covered": 100.0, "percent_statements_covered_display": "100"}, "missing_lines": [], "excluded_lines": [], "start_line": 31}, "RoutingPolicy": {"executed_lines": [], "summary": {"covered_lines": 0, "num_statements": 0, "percent_covered": 100.0, "percent_covered_display": "100", "missing_lines": 0, "excluded_lines": 0, "percent_statements_covered": 100.0, "percent_statements_covered_display": "100"}, "missing_lines": [], "excluded_lines": [], "start_line": 40}, "ApiConfig": {"executed_lines": [], "summary": {"covered_lines": 0, "num_statements": 0, "percent_covered": 100.0, "percent_covered_display": "100", "missing_lines": 0, "excluded_lines": 0, "percent_statements_covered": 100.0, "percent_statements_covered_display": "100"}, "missing_lines": [], "excluded_lines": [], "start_line": 45}, "DashboardTarget": {"executed_lines": [], "summary": {"covered_lines": 0, "num_statements": 0, "percent_covered": 100.0, "percent_covered_display": "100", "missing_lines": 0, "excluded_lines": 0, "percent_statements_covered": 100.0, "percent_statements_covered_display": "100"}, "missing_lines": [], "excluded_lines": [], "start_line": 52}, "AWSConfig": {"executed_lines": [], "summary": {"covered_lines": 0, "num_statements": 0, "percent_covered": 100.0, "percent_covered_display": "100", "missing_lines": 0, "excluded_lines": 0, "percent_statements_covered": 100.0, "percent_statements_covered_display": "100"}, "missing_lines": [], "excluded_lines": [], "start_line": 62}, "DeployConfig": {"executed_lines": [], "summary": {"covered_lines": 0, "num_statements": 0, "percent_covered": 100.0, "percent_covered_display": "100", "missing_lines": 0, "excluded_lines": 0, "percent_statements_covered": 100.0, "percent_statements_covered_display": "100"}, "missing_lines": [], "excluded_lines": [], "start_line": 68}, "ScanConfig": {"executed_lines": [], "summary": {"covered_lines": 0, "num_statements": 0, "percent_covered": 100.0, "percent_covered_display": "100", "missing_lines": 0, "excluded_lines": 0, "percent_statements_covered": 100.0, "percent_statements_covered_display": "100"}, "missing_lines": [], "excluded_lines": [], "start_line": 74}, "FixConfig": {"executed_lines": [], "summary": {"covered_lines": 0, "num_statements": 0, "percent_covered": 100.0, "percent_covered_display": "100", "missing_lines": 0, "excluded_lines": 0, "percent_statements_covered": 100.0, "percent_statements_covered_display": "100"}, "missing_lines": [], "excluded_lines": [], "start_line": 86}, "NotificationsConfig": {"executed_lines": [], "summary": {"covered_lines": 0, "num_statements": 0, "percent_covered": 100.0, "percent_covered_display": "100", "missing_lines": 0, "excluded_lines": 0, "percent_statements_covered": 100.0, "percent_statements_covered_display": "100"}, "missing_lines": [], "excluded_lines": [], "start_line": 96}, "Target": {"executed_lines": [], "summary": {"covered_lines": 0, "num_statements": 0, "percent_covered": 100.0, "percent_covered_display": "100", "missing_lines": 0, "excluded_lines": 0, "percent_statements_covered": 100.0, "percent_statements_covered_display": "100"}, "missing_lines": [], "excluded_lines": [], "start_line": 101}, "Config": {"executed_lines": [], "summary": {"covered_lines": 0, "num_statements": 0, "percent_covered": 100.0, "percent_covered_display": "100", "missing_lines": 0, "excluded_lines": 0, "percent_statements_covered": 100.0, "percent_statements_covered_display": "100"}, "missing_lines": [], "excluded_lines": [], "start_line": 113}, "": {"executed_lines": [7, 9, 10, 11, 12, 13, 15, 17, 20, 24, 25, 26, 27, 30, 31, 32, 33, 34, 35, 36, 39, 40, 41, 44, 45, 46, 47, 48, 51, 52, 53, 54, 55, 56, 57, 58, 61, 62, 63, 64, 67, 68, 69, 70, 73, 74, 75, 76, 77, 78, 79, 80, 81, 82, 85, 86, 87, 88, 89, 90, 91, 92, 95, 96, 97, 100, 101, 102, 103, 104, 105, 106, 107, 108, 109, 112, 113, 114, 115, 116, 117, 118, 119, 120, 121, 122, 123, 126, 129, 130, 131, 132, 134, 135, 137, 147, 150, 151, 152, 167, 171, 186, 187, 188, 191, 194, 196, 207, 208, 212, 213, 217, 218, 219, 220, 221, 223, 226, 227, 228, 232, 233, 234, 235, 236, 237, 238, 240, 245, 247, 248, 249, 252, 257, 258, 262, 309, 312, 313, 315, 318, 320, 321, 322, 323, 324, 325, 326, 327, 328, 331, 332, 334, 338], "summary": {"covered_lines": 154, "num_statements": 170, "percent_covered": 90.58823529411765, "percent_covered_display": "91", "missing_lines": 16, "excluded_lines": 0, "percent_statements_covered": 90.58823529411765, "percent_statements_covered_display": "91"}, "missing_lines": [133, 136, 153, 172, 173, 174, 175, 176, 183, 192, 209, 210, 224, 314, 329, 330], "excluded_lines": [], "start_line": 1}}}, "backoffice/delivery.py": {"executed_lines": [8, 10, 11, 12, 13, 14, 16, 18, 24, 25, 26, 27, 47, 48, 63, 65, 68, 70, 71, 74, 76, 77, 78, 79, 80, 83, 92, 93, 94, 97, 98, 99, 101, 102, 103, 104, 105, 112, 114, 115, 116, 117, 118, 119, 121, 122, 123, 124, 125, 126, 127, 128, 137, 140, 142, 143, 144, 145, 146, 149, 151, 152, 153, 154, 155, 158, 160, 161, 162, 163, 164, 165, 166, 167, 168, 171, 173, 180, 181, 182, 183, 184, 186, 192, 198, 206, 212, 218, 224, 231, 237, 244, 246, 247, 248, 249, 250, 253, 255, 257, 258, 260, 292, 294, 295, 296, 297, 300, 302, 303, 304, 305, 306, 307, 308, 311, 313, 314, 315, 316, 320, 322, 323, 324, 325, 326, 327, 328, 329, 330, 331, 332, 335, 337, 338, 339, 340, 341, 342, 343, 346, 348, 349, 350, 351, 352, 353, 354, 355, 356, 357, 358, 359, 360, 363, 365, 366, 368, 369, 370, 371, 382, 384, 385, 386, 396, 397, 398, 399, 400, 401, 402, 403, 405, 416, 418, 419, 420, 421, 422, 423, 424, 425, 426, 427, 428, 435, 437, 438, 439, 444, 445, 446, 447, 449, 473, 485, 488, 492, 493, 496, 501, 515, 516, 518, 519, 521, 528, 529, 530, 531, 533, 538, 541], "summary": {"covered_lines": 214, "num_statements": 217, "percent_covered": 98.61751152073732, "percent_covered_display": "99", "missing_lines": 3, "excluded_lines": 0, "percent_statements_covered": 98.61751152073732, "percent_statements_covered_display": "99"}, "missing_lines": [486, 502, 542], "excluded_lines": [], "functions": {"iso_now": {"executed_lines": [65], "summary": {"covered_lines": 1, "num_statements": 1, "percent_covered": 100.0, "percent_covered_display": "100", "missing_lines": 0, "excluded_lines": 0, "percent_statements_covered": 100.0, "percent_statements_covered_display": "100"}, "missing_lines": [], "excluded_lines": [], "start_line": 63}, "load_yaml": {"executed_lines": [70, 71], "summary": {"covered_lines": 2, "num_statements": 2, "percent_covered": 100.0, "percent_covered_display": "100", "missing_lines": 0, "excluded_lines": 0, "percent_statements_covered": 100.0, "percent_statements_covered_display": "100"}, "missing_lines": [], "excluded_lines": [], "start_line": 68}, "load_json": {"executed_lines": [76, 77, 78, 79, 80], "summary": {"covered_lines": 5, "num_statements": 5, "percent_covered": 100.0, "percent_covered_display": "100", "missing_lines": 0, "excluded_lines": 0, "percent_statements_covered": 100.0, "percent_statements_covered_display": "100"}, "missing_lines": [], "excluded_lines": [], "start_line": 74}, "load_targets_config": {"executed_lines": [92, 93, 94, 97, 98, 99, 101, 102, 103, 104, 105], "summary": {"covered_lines": 11, "num_statements": 11, "percent_covered": 100.0, "percent_covered_display": "100", "missing_lines": 0, "excluded_lines": 0, "percent_statements_covered": 100.0, "percent_statements_covered_display": "100"}, "missing_lines": [], "excluded_lines": [], "start_line": 83}, "list_workflows": {"executed_lines": [114, 115, 116, 117, 118, 119, 121, 122, 123, 124, 125, 126, 127, 128, 137], "summary": {"covered_lines": 15, "num_statements": 15, "percent_covered": 100.0, "percent_covered_display": "100", "missing_lines": 0, "excluded_lines": 0, "percent_statements_covered": 100.0, "percent_statements_covered_display": "100"}, "missing_lines": [], "excluded_lines": [], "start_line": 112}, "contains_schedule": {"executed_lines": [142, 143, 144, 145, 146], "summary": {"covered_lines": 5, "num_statements": 5, "percent_covered": 100.0, "percent_covered_display": "100", "missing_lines": 0, "excluded_lines": 0, "percent_statements_covered": 100.0, "percent_statements_covered_display": "100"}, "missing_lines": [], "excluded_lines": [], "start_line": 140}, "contains_pull_request": {"executed_lines": [151, 152, 153, 154, 155], "summary": {"covered_lines": 5, "num_statements": 5, "percent_covered": 100.0, "percent_covered_display": "100", "missing_lines": 0, "excluded_lines": 0, "percent_statements_covered": 100.0, "percent_statements_covered_display": "100"}, "missing_lines": [], "excluded_lines": [], "start_line": 149}, "contains_push_main": {"executed_lines": [160, 161, 162, 163, 164, 165, 166, 167, 168], "summary": {"covered_lines": 9, "num_statements": 9, "percent_covered": 100.0, "percent_covered_display": "100", "missing_lines": 0, "excluded_lines": 0, "percent_statements_covered": 100.0, "percent_statements_covered_display": "100"}, "missing_lines": [], "excluded_lines": [], "start_line": 158}, "detect_workflow_status": {"executed_lines": [173, 180, 181, 182, 183, 184, 186, 192, 198, 206, 212, 218, 224, 231, 237], "summary": {"covered_lines": 15, "num_statements": 15, "percent_covered": 100.0, "percent_covered_display": "100", "missing_lines": 0, "excluded_lines": 0, "percent_statements_covered": 100.0, "percent_statements_covered_display": "100"}, "missing_lines": [], "excluded_lines": [], "start_line": 171}, "read_package_scripts": {"executed_lines": [246, 247, 248, 249, 250], "summary": {"covered_lines": 5, "num_statements": 5, "percent_covered": 100.0, "percent_covered_display": "100", "missing_lines": 0, "excluded_lines": 0, "percent_statements_covered": 100.0, "percent_statements_covered_display": "100"}, "missing_lines": [], "excluded_lines": [], "start_line": 244}, "detect_command_coverage": {"executed_lines": [255, 257, 260], "summary": {"covered_lines": 3, "num_statements": 3, "percent_covered": 100.0, "percent_covered_display": "100", "missing_lines": 0, "excluded_lines": 0, "percent_statements_covered": 100.0, "percent_statements_covered_display": "100"}, "missing_lines": [], "excluded_lines": [], "start_line": 253}, "detect_command_coverage.has_script": {"executed_lines": [258], "summary": {"covered_lines": 1, "num_statements": 1, "percent_covered": 100.0, "percent_covered_display": "100", "missing_lines": 0, "excluded_lines": 0, "percent_statements_covered": 100.0, "percent_statements_covered_display": "100"}, "missing_lines": [], "excluded_lines": [], "start_line": 257}, "find_product_key": {"executed_lines": [294, 295, 296, 297], "summary": {"covered_lines": 4, "num_statements": 4, "percent_covered": 100.0, "percent_covered_display": "100", "missing_lines": 0, "excluded_lines": 0, "percent_statements_covered": 100.0, "percent_statements_covered_display": "100"}, "missing_lines": [], "excluded_lines": [], "start_line": 292}, "read_findings": {"executed_lines": [302, 303, 304, 305, 306, 307, 308], "summary": {"covered_lines": 7, "num_statements": 7, "percent_covered": 100.0, "percent_covered_display": "100", "missing_lines": 0, "excluded_lines": 0, "percent_statements_covered": 100.0, "percent_statements_covered_display": "100"}, "missing_lines": [], "excluded_lines": [], "start_line": 300}, "is_safe_candidate": {"executed_lines": [313, 314, 315, 316, 320, 322, 323, 324, 325, 326, 327, 328, 329, 330, 331, 332], "summary": {"covered_lines": 16, "num_statements": 16, "percent_covered": 100.0, "percent_covered_display": "100", "missing_lines": 0, "excluded_lines": 0, "percent_statements_covered": 100.0, "percent_statements_covered_display": "100"}, "missing_lines": [], "excluded_lines": [], "start_line": 311}, "overnight_bucket": {"executed_lines": [337, 338, 339, 340, 341, 342, 343], "summary": {"covered_lines": 7, "num_statements": 7, "percent_covered": 100.0, "percent_covered_display": "100", "missing_lines": 0, "excluded_lines": 0, "percent_statements_covered": 100.0, "percent_statements_covered_display": "100"}, "missing_lines": [], "excluded_lines": [], "start_line": 335}, "sprint_bucket": {"executed_lines": [348, 349, 350, 351, 352, 353, 354, 355, 356, 357, 358, 359, 360], "summary": {"covered_lines": 13, "num_statements": 13, "percent_covered": 100.0, "percent_covered_display": "100", "missing_lines": 0, "excluded_lines": 0, "percent_statements_covered": 100.0, "percent_statements_covered_display": "100"}, "missing_lines": [], "excluded_lines": [], "start_line": 346}, "summarize_candidates": {"executed_lines": [365, 366, 368, 369, 370, 371, 382, 384, 385, 386, 396, 397, 398, 399, 400, 401, 402, 403, 405], "summary": {"covered_lines": 19, "num_statements": 19, "percent_covered": 100.0, "percent_covered_display": "100", "missing_lines": 0, "excluded_lines": 0, "percent_statements_covered": 100.0, "percent_statements_covered_display": "100"}, "missing_lines": [], "excluded_lines": [], "start_line": 363}, "delivery_readiness": {"executed_lines": [418, 419, 420, 421, 422, 423, 424, 425, 426, 427, 428], "summary": {"covered_lines": 11, "num_statements": 11, "percent_covered": 100.0, "percent_covered_display": "100", "missing_lines": 0, "excluded_lines": 0, "percent_statements_covered": 100.0, "percent_statements_covered_display": "100"}, "missing_lines": [], "excluded_lines": [], "start_line": 416}, "target_summary": {"executed_lines": [437, 438, 439, 444, 445, 446, 447, 449], "summary": {"covered_lines": 8, "num_statements": 8, "percent_covered": 100.0, "percent_covered_display": "100", "missing_lines": 0, "excluded_lines": 0, "percent_statements_covered": 100.0, "percent_statements_covered_display": "100"}, "missing_lines": [], "excluded_lines": [], "start_line": 435}, "main": {"executed_lines": [485, 488, 492, 493, 496, 501, 515, 516, 518, 519, 521, 528, 529, 530, 531, 533, 538], "summary": {"covered_lines": 17, "num_statements": 19, "percent_covered": 89.47368421052632, "percent_covered_display": "89", "missing_lines": 2, "excluded_lines": 0, "percent_statements_covered": 89.47368421052632, "percent_statements_covered_display": "89"}, "missing_lines": [486, 502], "excluded_lines": [], "start_line": 473}, "": {"executed_lines": [8, 10, 11, 12, 13, 14, 16, 18, 24, 25, 26, 27, 47, 48, 63, 68, 74, 83, 112, 140, 149, 158, 171, 244, 253, 292, 300, 311, 335, 346, 363, 416, 435, 473, 541], "summary": {"covered_lines": 35, "num_statements": 36, "percent_covered": 97.22222222222223, "percent_covered_display": "97", "missing_lines": 1, "excluded_lines": 0, "percent_statements_covered": 97.22222222222223, "percent_statements_covered_display": "97"}, "missing_lines": [542], "excluded_lines": [], "start_line": 1}}, "classes": {"": {"executed_lines": [8, 10, 11, 12, 13, 14, 16, 18, 24, 25, 26, 27, 47, 48, 63, 65, 68, 70, 71, 74, 76, 77, 78, 79, 80, 83, 92, 93, 94, 97, 98, 99, 101, 102, 103, 104, 105, 112, 114, 115, 116, 117, 118, 119, 121, 122, 123, 124, 125, 126, 127, 128, 137, 140, 142, 143, 144, 145, 146, 149, 151, 152, 153, 154, 155, 158, 160, 161, 162, 163, 164, 165, 166, 167, 168, 171, 173, 180, 181, 182, 183, 184, 186, 192, 198, 206, 212, 218, 224, 231, 237, 244, 246, 247, 248, 249, 250, 253, 255, 257, 258, 260, 292, 294, 295, 296, 297, 300, 302, 303, 304, 305, 306, 307, 308, 311, 313, 314, 315, 316, 320, 322, 323, 324, 325, 326, 327, 328, 329, 330, 331, 332, 335, 337, 338, 339, 340, 341, 342, 343, 346, 348, 349, 350, 351, 352, 353, 354, 355, 356, 357, 358, 359, 360, 363, 365, 366, 368, 369, 370, 371, 382, 384, 385, 386, 396, 397, 398, 399, 400, 401, 402, 403, 405, 416, 418, 419, 420, 421, 422, 423, 424, 425, 426, 427, 428, 435, 437, 438, 439, 444, 445, 446, 447, 449, 473, 485, 488, 492, 493, 496, 501, 515, 516, 518, 519, 521, 528, 529, 530, 531, 533, 538, 541], "summary": {"covered_lines": 214, "num_statements": 217, "percent_covered": 98.61751152073732, "percent_covered_display": "99", "missing_lines": 3, "excluded_lines": 0, "percent_statements_covered": 98.61751152073732, "percent_statements_covered_display": "99"}, "missing_lines": [486, 502, 542], "excluded_lines": [], "start_line": 1}}}, "backoffice/log_config.py": {"executed_lines": [6, 7, 8, 9, 12, 15, 27, 29, 32, 34, 35, 37, 38, 39, 41, 46], "summary": {"covered_lines": 16, "num_statements": 20, "percent_covered": 80.0, "percent_covered_display": "80", "missing_lines": 4, "excluded_lines": 0, "percent_statements_covered": 80.0, "percent_statements_covered_display": "80"}, "missing_lines": [16, 22, 23, 24], "excluded_lines": [], "functions": {"JSONFormatter.format": {"executed_lines": [], "summary": {"covered_lines": 0, "num_statements": 4, "percent_covered": 0.0, "percent_covered_display": "0", "missing_lines": 4, "excluded_lines": 0, "percent_statements_covered": 0.0, "percent_statements_covered_display": "0"}, "missing_lines": [16, 22, 23, 24], "excluded_lines": [], "start_line": 15}, "setup_logging": {"executed_lines": [29, 32, 34, 35, 37, 38, 39, 41, 46], "summary": {"covered_lines": 9, "num_statements": 9, "percent_covered": 100.0, "percent_covered_display": "100", "missing_lines": 0, "excluded_lines": 0, "percent_statements_covered": 100.0, "percent_statements_covered_display": "100"}, "missing_lines": [], "excluded_lines": [], "start_line": 27}, "": {"executed_lines": [6, 7, 8, 9, 12, 15, 27], "summary": {"covered_lines": 7, "num_statements": 7, "percent_covered": 100.0, "percent_covered_display": "100", "missing_lines": 0, "excluded_lines": 0, "percent_statements_covered": 100.0, "percent_statements_covered_display": "100"}, "missing_lines": [], "excluded_lines": [], "start_line": 1}}, "classes": {"JSONFormatter": {"executed_lines": [], "summary": {"covered_lines": 0, "num_statements": 4, "percent_covered": 0.0, "percent_covered_display": "0", "missing_lines": 4, "excluded_lines": 0, "percent_statements_covered": 0.0, "percent_statements_covered_display": "0"}, "missing_lines": [16, 22, 23, 24], "excluded_lines": [], "start_line": 12}, "": {"executed_lines": [6, 7, 8, 9, 12, 15, 27, 29, 32, 34, 35, 37, 38, 39, 41, 46], "summary": {"covered_lines": 16, "num_statements": 16, "percent_covered": 100.0, "percent_covered_display": "100", "missing_lines": 0, "excluded_lines": 0, "percent_statements_covered": 100.0, "percent_statements_covered_display": "100"}, "missing_lines": [], "excluded_lines": [], "start_line": 1}}}, "backoffice/regression.py": {"executed_lines": [17, 19, 20, 21, 22, 23, 24, 25, 26, 27, 28, 30, 37, 38, 39, 40, 48, 49, 52, 53, 56, 57, 58, 61, 62, 63, 64, 72, 73, 74, 75, 76, 77, 78, 79, 82, 87, 88, 89, 91, 92, 101, 103, 104, 106, 121, 122, 123, 124, 125, 126, 129, 135, 136, 137, 138, 139, 140, 141, 142, 143, 144, 151, 159, 160, 161, 162, 163, 164, 165, 166, 167, 168, 169, 176, 181, 182, 183, 184, 185, 186, 187, 188, 189, 190, 191, 192, 193, 194, 197, 198, 199, 204, 205, 213, 225, 226, 227, 228, 231, 232, 233, 234, 235, 236, 237, 238, 239, 240, 241, 242, 243, 244, 245, 246, 247, 248, 249, 250, 253, 254, 255, 256, 257, 258, 259, 265, 268, 269, 270, 271, 272, 273, 274, 275, 276, 278, 279, 280, 281, 284, 287, 288, 296, 320, 321, 322, 324, 325, 335, 336, 337, 338, 339, 340, 341, 343, 344, 346, 359, 360, 361, 362, 365, 366, 367, 368, 369, 370, 371, 379, 380, 381, 383, 384, 385, 387, 389, 390, 396, 399, 400, 401, 404, 409, 410, 411, 413, 421, 435, 438, 443, 448, 453, 458, 464, 467, 470, 482, 484, 485, 489, 490, 491, 492, 493, 494, 496, 497, 500, 503, 504, 505, 507, 511, 518, 521], "summary": {"covered_lines": 217, "num_statements": 233, "percent_covered": 93.13304721030043, "percent_covered_display": "93", "missing_lines": 16, "excluded_lines": 0, "percent_statements_covered": 93.13304721030043, "percent_statements_covered_display": "93"}, "missing_lines": [195, 196, 260, 261, 262, 263, 264, 277, 282, 283, 487, 498, 499, 508, 509, 522], "excluded_lines": [], "functions": {"utc_now_iso": {"executed_lines": [49], "summary": {"covered_lines": 1, "num_statements": 1, "percent_covered": 100.0, "percent_covered_display": "100", "missing_lines": 0, "excluded_lines": 0, "percent_statements_covered": 100.0, "percent_statements_covered_display": "100"}, "missing_lines": [], "excluded_lines": [], "start_line": 48}, "safe_mkdir": {"executed_lines": [53], "summary": {"covered_lines": 1, "num_statements": 1, "percent_covered": 100.0, "percent_covered_display": "100", "missing_lines": 0, "excluded_lines": 0, "percent_statements_covered": 100.0, "percent_statements_covered_display": "100"}, "missing_lines": [], "excluded_lines": [], "start_line": 52}, "write_text": {"executed_lines": [57, 58], "summary": {"covered_lines": 2, "num_statements": 2, "percent_covered": 100.0, "percent_covered_display": "100", "missing_lines": 0, "excluded_lines": 0, "percent_statements_covered": 100.0, "percent_statements_covered_display": "100"}, "missing_lines": [], "excluded_lines": [], "start_line": 56}, "write_json": {"executed_lines": [62, 63, 64], "summary": {"covered_lines": 3, "num_statements": 3, "percent_covered": 100.0, "percent_covered_display": "100", "missing_lines": 0, "excluded_lines": 0, "percent_statements_covered": 100.0, "percent_statements_covered_display": "100"}, "missing_lines": [], "excluded_lines": [], "start_line": 61}, "run_cmd": {"executed_lines": [87, 88, 89, 91, 92, 101, 103, 104, 106], "summary": {"covered_lines": 9, "num_statements": 9, "percent_covered": 100.0, "percent_covered_display": "100", "missing_lines": 0, "excluded_lines": 0, "percent_statements_covered": 100.0, "percent_statements_covered_display": "100"}, "missing_lines": [], "excluded_lines": [], "start_line": 82}, "try_read_json": {"executed_lines": [122, 123, 124, 125, 126], "summary": {"covered_lines": 5, "num_statements": 5, "percent_covered": 100.0, "percent_covered_display": "100", "missing_lines": 0, "excluded_lines": 0, "percent_statements_covered": 100.0, "percent_statements_covered_display": "100"}, "missing_lines": [], "excluded_lines": [], "start_line": 121}, "parse_pytest_cov_json": {"executed_lines": [135, 136, 137, 138, 139, 140, 141, 142, 143, 144], "summary": {"covered_lines": 10, "num_statements": 10, "percent_covered": 100.0, "percent_covered_display": "100", "missing_lines": 0, "excluded_lines": 0, "percent_statements_covered": 100.0, "percent_statements_covered_display": "100"}, "missing_lines": [], "excluded_lines": [], "start_line": 129}, "parse_vitest_coverage_summary": {"executed_lines": [159, 160, 161, 162, 163, 164, 165, 166, 167, 168, 169], "summary": {"covered_lines": 11, "num_statements": 11, "percent_covered": 100.0, "percent_covered_display": "100", "missing_lines": 0, "excluded_lines": 0, "percent_statements_covered": 100.0, "percent_statements_covered_display": "100"}, "missing_lines": [], "excluded_lines": [], "start_line": 151}, "parse_lcov_percent": {"executed_lines": [181, 182, 183, 184, 185, 186, 187, 188, 189, 190, 191, 192, 193, 194, 197, 198, 199, 204, 205], "summary": {"covered_lines": 19, "num_statements": 21, "percent_covered": 90.47619047619048, "percent_covered_display": "90", "missing_lines": 2, "excluded_lines": 0, "percent_statements_covered": 90.47619047619048, "percent_statements_covered_display": "90"}, "missing_lines": [195, 196], "excluded_lines": [], "start_line": 176}, "best_effort_coverage": {"executed_lines": [225, 226, 227, 228, 231, 232, 233, 234, 235, 236, 237, 238, 239, 240, 241, 242, 243, 244, 245, 246, 247, 248, 249, 250, 253, 254, 255, 256, 257, 258, 259, 265, 268, 269, 270, 271, 272, 273, 274, 275, 276, 278, 279, 280, 281, 284, 287, 288], "summary": {"covered_lines": 48, "num_statements": 56, "percent_covered": 85.71428571428571, "percent_covered_display": "86", "missing_lines": 8, "excluded_lines": 0, "percent_statements_covered": 85.71428571428571, "percent_statements_covered_display": "86"}, "missing_lines": [260, 261, 262, 263, 264, 277, 282, 283], "excluded_lines": [], "start_line": 213}, "run_regression": {"executed_lines": [320, 321, 322, 324, 325, 335, 336, 337, 338, 339, 340, 341, 343, 344, 346, 359, 360, 361, 362, 365, 366, 367, 368, 369, 370, 371, 379, 380, 381, 383, 384, 385, 387, 389, 390, 396, 399, 400, 401, 404, 409, 410, 411, 413], "summary": {"covered_lines": 44, "num_statements": 44, "percent_covered": 100.0, "percent_covered_display": "100", "missing_lines": 0, "excluded_lines": 0, "percent_statements_covered": 100.0, "percent_statements_covered_display": "100"}, "missing_lines": [], "excluded_lines": [], "start_line": 296}, "main": {"executed_lines": [435, 438, 443, 448, 453, 458, 464, 467, 470, 482, 484, 485, 489, 490, 491, 492, 493, 494, 496, 497, 500, 503, 504, 505, 507, 511, 518], "summary": {"covered_lines": 27, "num_statements": 32, "percent_covered": 84.375, "percent_covered_display": "84", "missing_lines": 5, "excluded_lines": 0, "percent_statements_covered": 84.375, "percent_statements_covered_display": "84"}, "missing_lines": [487, 498, 499, 508, 509], "excluded_lines": [], "start_line": 421}, "": {"executed_lines": [17, 19, 20, 21, 22, 23, 24, 25, 26, 27, 28, 30, 37, 38, 39, 40, 48, 52, 56, 61, 72, 73, 74, 75, 76, 77, 78, 79, 82, 121, 129, 151, 176, 213, 296, 421, 521], "summary": {"covered_lines": 37, "num_statements": 38, "percent_covered": 97.36842105263158, "percent_covered_display": "97", "missing_lines": 1, "excluded_lines": 0, "percent_statements_covered": 97.36842105263158, "percent_statements_covered_display": "97"}, "missing_lines": [522], "excluded_lines": [], "start_line": 1}}, "classes": {"CmdResult": {"executed_lines": [], "summary": {"covered_lines": 0, "num_statements": 0, "percent_covered": 100.0, "percent_covered_display": "100", "missing_lines": 0, "excluded_lines": 0, "percent_statements_covered": 100.0, "percent_statements_covered_display": "100"}, "missing_lines": [], "excluded_lines": [], "start_line": 73}, "": {"executed_lines": [17, 19, 20, 21, 22, 23, 24, 25, 26, 27, 28, 30, 37, 38, 39, 40, 48, 49, 52, 53, 56, 57, 58, 61, 62, 63, 64, 72, 73, 74, 75, 76, 77, 78, 79, 82, 87, 88, 89, 91, 92, 101, 103, 104, 106, 121, 122, 123, 124, 125, 126, 129, 135, 136, 137, 138, 139, 140, 141, 142, 143, 144, 151, 159, 160, 161, 162, 163, 164, 165, 166, 167, 168, 169, 176, 181, 182, 183, 184, 185, 186, 187, 188, 189, 190, 191, 192, 193, 194, 197, 198, 199, 204, 205, 213, 225, 226, 227, 228, 231, 232, 233, 234, 235, 236, 237, 238, 239, 240, 241, 242, 243, 244, 245, 246, 247, 248, 249, 250, 253, 254, 255, 256, 257, 258, 259, 265, 268, 269, 270, 271, 272, 273, 274, 275, 276, 278, 279, 280, 281, 284, 287, 288, 296, 320, 321, 322, 324, 325, 335, 336, 337, 338, 339, 340, 341, 343, 344, 346, 359, 360, 361, 362, 365, 366, 367, 368, 369, 370, 371, 379, 380, 381, 383, 384, 385, 387, 389, 390, 396, 399, 400, 401, 404, 409, 410, 411, 413, 421, 435, 438, 443, 448, 453, 458, 464, 467, 470, 482, 484, 485, 489, 490, 491, 492, 493, 494, 496, 497, 500, 503, 504, 505, 507, 511, 518, 521], "summary": {"covered_lines": 217, "num_statements": 233, "percent_covered": 93.13304721030043, "percent_covered_display": "93", "missing_lines": 16, "excluded_lines": 0, "percent_statements_covered": 93.13304721030043, "percent_statements_covered_display": "93"}, "missing_lines": [195, 196, 260, 261, 262, 263, 264, 277, 282, 283, 487, 498, 499, 508, 509, 522], "excluded_lines": [], "start_line": 1}}}, "backoffice/router.py": {"executed_lines": [6, 8, 9, 11, 13, 15, 43, 44, 45, 46, 47, 48, 49, 50, 53, 56, 57, 58, 59, 61, 63, 64, 73, 75, 76, 77, 78, 80, 81, 82, 84, 86, 87, 90, 94, 95, 97, 98, 99, 103, 106, 117], "summary": {"covered_lines": 42, "num_statements": 45, "percent_covered": 93.33333333333333, "percent_covered_display": "93", "missing_lines": 3, "excluded_lines": 0, "percent_statements_covered": 93.33333333333333, "percent_statements_covered_display": "93"}, "missing_lines": [65, 66, 79], "excluded_lines": [], "functions": {"Router.__init__": {"executed_lines": [57, 58, 59], "summary": {"covered_lines": 3, "num_statements": 3, "percent_covered": 100.0, "percent_covered_display": "100", "missing_lines": 0, "excluded_lines": 0, "percent_statements_covered": 100.0, "percent_statements_covered_display": "100"}, "missing_lines": [], "excluded_lines": [], "start_line": 56}, "Router.refresh_limits": {"executed_lines": [63, 64], "summary": {"covered_lines": 2, "num_statements": 4, "percent_covered": 50.0, "percent_covered_display": "50", "missing_lines": 2, "excluded_lines": 0, "percent_statements_covered": 50.0, "percent_statements_covered_display": "50"}, "missing_lines": [65, 66], 
[...]
cluded_lines": 0, "percent_statements_covered": 100.0, "percent_statements_covered_display": "100"}, "missing_lines": [], "excluded_lines": [], "start_line": 348}, "update_status": {"executed_lines": [377, 378, 379, 380, 381, 382, 384, 385, 386, 387, 390, 391], "summary": {"covered_lines": 12, "num_statements": 13, "percent_covered": 92.3076923076923, "percent_covered_display": "92", "missing_lines": 1, "excluded_lines": 0, "percent_statements_covered": 92.3076923076923, "percent_statements_covered_display": "92"}, "missing_lines": [383], "excluded_lines": [], "start_line": 376}, "command_start": {"executed_lines": [395], "summary": {"covered_lines": 1, "num_statements": 1, "percent_covered": 100.0, "percent_covered_display": "100", "missing_lines": 0, "excluded_lines": 0, "percent_statements_covered": 100.0, "percent_statements_covered_display": "100"}, "missing_lines": [], "excluded_lines": [], "start_line": 394}, "command_block": {"executed_lines": [399], "summary": {"covered_lines": 1, "num_statements": 1, "percent_covered": 100.0, "percent_covered_display": "100", "missing_lines": 0, "excluded_lines": 0, "percent_statements_covered": 100.0, "percent_statements_covered_display": "100"}, "missing_lines": [], "excluded_lines": [], "start_line": 398}, "command_review": {"executed_lines": [403], "summary": {"covered_lines": 1, "num_statements": 1, "percent_covered": 100.0, "percent_covered_display": "100", "missing_lines": 0, "excluded_lines": 0, "percent_statements_covered": 100.0, "percent_statements_covered_display": "100"}, "missing_lines": [], "excluded_lines": [], "start_line": 402}, "command_complete": {"executed_lines": [407, 408, 409, 410, 411, 412, 413, 414, 415, 416, 417, 418, 419], "summary": {"covered_lines": 13, "num_statements": 13, "percent_covered": 100.0, "percent_covered_display": "100", "missing_lines": 0, "excluded_lines": 0, "percent_statements_covered": 100.0, "percent_statements_covered_display": "100"}, "missing_lines": [], "excluded_lines": [], "start_line": 406}, "command_cancel": {"executed_lines": [423], "summary": {"covered_lines": 1, "num_statements": 1, "percent_covered": 100.0, "percent_covered_display": "100", "missing_lines": 0, "excluded_lines": 0, "percent_statements_covered": 100.0, "percent_statements_covered_display": "100"}, "missing_lines": [], "excluded_lines": [], "start_line": 422}, "command_seed_etheos": {"executed_lines": [427, 428, 429, 491, 492, 493, 494, 495, 496, 497, 500, 501], "summary": {"covered_lines": 12, "num_statements": 12, "percent_covered": 100.0, "percent_covered_display": "100", "missing_lines": 0, "excluded_lines": 0, "percent_statements_covered": 100.0, "percent_statements_covered_display": "100"}, "missing_lines": [], "excluded_lines": [], "start_line": 426}, "_default_paths": {"executed_lines": [], "summary": {"covered_lines": 0, "num_statements": 7, "percent_covered": 0.0, "percent_covered_display": "0", "missing_lines": 7, "excluded_lines": 0, "percent_statements_covered": 0.0, "percent_statements_covered_display": "0"}, "missing_lines": [513, 515, 516, 517, 518, 519, 520], "excluded_lines": [], "start_line": 511}, "build_parser": {"executed_lines": [529, 532, 533, 535, 537, 539, 542, 544, 546, 547, 548, 549, 551, 552, 554, 555, 556, 557, 558, 559, 560, 561, 562, 563, 564, 565, 566, 568, 569, 570, 571, 572, 573, 574, 575, 582, 583], "summary": {"covered_lines": 37, "num_statements": 38, "percent_covered": 97.36842105263158, "percent_covered_display": "97", "missing_lines": 1, "excluded_lines": 0, "percent_statements_covered": 97.36842105263158, "percent_statements_covered_display": "97"}, "missing_lines": [530], "excluded_lines": [], "start_line": 523}, "main": {"executed_lines": [], "summary": {"covered_lines": 0, "num_statements": 3, "percent_covered": 0.0, "percent_covered_display": "0", "missing_lines": 3, "excluded_lines": 0, "percent_statements_covered": 0.0, "percent_statements_covered_display": "0"}, "missing_lines": [587, 588, 600], "excluded_lines": [], "start_line": 586}, "": {"executed_lines": [10, 12, 13, 14, 15, 16, 17, 18, 19, 21, 23, 26, 36, 46, 49, 50, 51, 52, 53, 54, 55, 58, 62, 67, 74, 80, 90, 108, 133, 146, 151, 172, 179, 222, 229, 240, 250, 302, 311, 336, 348, 376, 394, 398, 402, 406, 422, 426, 508, 511, 523, 586, 603], "summary": {"covered_lines": 53, "num_statements": 54, "percent_covered": 98.14814814814815, "percent_covered_display": "98", "missing_lines": 1, "excluded_lines": 0, "percent_statements_covered": 98.14814814814815, "percent_statements_covered_display": "98"}, "missing_lines": [604], "excluded_lines": [], "start_line": 1}}, "classes": {"TaskContext": {"executed_lines": [], "summary": {"covered_lines": 0, "num_statements": 0, "percent_covered": 100.0, "percent_covered_display": "100", "missing_lines": 0, "excluded_lines": 0, "percent_statements_covered": 100.0, "percent_statements_covered_display": "100"}, "missing_lines": [], "excluded_lines": [], "start_line": 50}, "": {"executed_lines": [10, 12, 13, 14, 15, 16, 17, 18, 19, 21, 23, 26, 36, 46, 49, 50, 51, 52, 53, 54, 55, 58, 59, 62, 63, 64, 67, 68, 69, 70, 71, 74, 75, 76, 77, 80, 81, 82, 83, 90, 96, 97, 98, 99, 108, 109, 110, 111, 112, 113, 114, 115, 116, 117, 118, 119, 120, 121, 122, 123, 124, 125, 126, 127, 128, 129, 130, 133, 134, 143, 146, 147, 148, 151, 158, 162, 163, 164, 165, 166, 167, 168, 169, 172, 173, 174, 175, 176, 179, 180, 181, 182, 184, 185, 186, 187, 188, 189, 190, 191, 192, 193, 194, 195, 197, 198, 199, 202, 203, 205, 206, 222, 223, 224, 225, 226, 229, 230, 240, 241, 242, 243, 244, 245, 246, 247, 250, 254, 255, 256, 257, 258, 260, 261, 262, 263, 264, 265, 266, 267, 268, 269, 270, 275, 276, 277, 278, 279, 281, 282, 283, 284, 285, 289, 290, 291, 292, 294, 302, 311, 336, 348, 349, 350, 367, 368, 369, 372, 373, 376, 377, 378, 379, 380, 381, 382, 384, 385, 386, 387, 390, 391, 394, 395, 398, 399, 402, 403, 406, 407, 408, 409, 410, 411, 412, 413, 414, 415, 416, 417, 418, 419, 422, 423, 426, 427, 428, 429, 491, 492, 493, 494, 495, 496, 497, 500, 501, 508, 511, 523, 529, 532, 533, 535, 537, 539, 542, 544, 546, 547, 548, 549, 551, 552, 554, 555, 556, 557, 558, 559, 560, 561, 562, 563, 564, 565, 566, 568, 569, 570, 571, 572, 573, 574, 575, 582, 583, 586, 603], "summary": {"covered_lines": 259, "num_statements": 296, "percent_covered": 87.5, "percent_covered_display": "88", "missing_lines": 37, "excluded_lines": 0, "percent_statements_covered": 87.5, "percent_statements_covered_display": "88"}, "missing_lines": [200, 201, 303, 304, 307, 308, 312, 313, 316, 317, 318, 319, 320, 321, 322, 324, 325, 333, 337, 338, 339, 340, 341, 345, 383, 513, 515, 516, 517, 518, 519, 520, 530, 587, 588, 600, 604], "excluded_lines": [], "start_line": 1}}}, "backoffice/workflow.py": {"executed_lines": [9, 11, 12, 13, 14, 15, 16, 17, 18, 20, 22, 24, 25, 26, 27, 28, 29, 33, 34, 35, 36, 37, 39, 49, 59, 68, 71, 73, 74, 75, 76, 77, 78, 79, 80, 81, 82, 83, 84, 85, 88, 90, 91, 93, 94, 95, 96, 98, 99, 107, 108, 109, 110, 111, 114, 120, 121, 132, 133, 134, 135, 136, 137, 140, 142, 143, 144, 145, 147, 148, 149, 150, 151, 154, 156, 157, 158, 159, 162, 164, 167, 169, 170, 171, 172, 173, 176, 178, 181, 186, 187, 188, 189, 190, 191, 192, 195, 197, 198, 199, 200, 209, 210, 211, 212, 213, 214, 215, 217, 219, 232, 234, 235, 236, 237, 238, 239, 240, 241, 246, 257, 263, 264, 265, 266, 268, 269, 270, 276, 277, 278, 279, 280, 281, 282, 283, 285, 293, 294, 295, 296, 297, 298, 301, 302, 303, 304, 305, 306, 309, 311, 312, 313, 314, 315, 317, 320, 331, 332, 333, 339, 340, 341, 344, 345, 348, 349, 355, 356, 359, 362, 371, 378, 399, 401, 402, 403, 404, 405, 406, 407, 408, 409, 413, 415, 418, 419, 421, 422, 423, 424, 427, 428, 436, 437, 439, 440, 448, 449, 465, 467, 468, 469, 471, 472, 474, 475, 476, 481, 482, 486, 491, 494, 501, 502, 503, 504, 505, 511, 512, 513, 514, 515, 518], "summary": {"covered_lines": 224, "num_statements": 261, "percent_covered": 85.82375478927203, "percent_covered_display": "86", "missing_lines": 37, "excluded_lines": 0, "percent_statements_covered": 85.82375478927203, "percent_statements_covered_display": "86"}, "missing_lines": [364, 373, 374, 375, 385, 386, 387, 388, 389, 391, 392, 393, 394, 395, 396, 430, 431, 432, 433, 441, 442, 443, 444, 445, 451, 452, 453, 454, 455, 456, 457, 458, 459, 460, 461, 462, 519], "excluded_lines": [], "functions": {"extract_scanned_at": {"executed_lines": [73, 74, 75, 76, 77, 78, 79, 80, 81, 82, 83, 84, 85], "summary": {"covered_lines": 13, "num_statements": 13, "percent_covered": 100.0, "percent_covered_display": "100", "missing_lines": 0, "excluded_lines": 0, "percent_statements_covered": 100.0, "percent_statements_covered_display": "100"}, "missing_lines": [], "excluded_lines": [], "start_line": 71}, "extract_score": {"executed_lines": [90, 91, 93, 94, 95, 96, 98, 99, 107, 108, 109, 110, 111], "summary": {"covered_lines": 13, "num_statements": 13, "percent_covered": 100.0, "percent_covered_display": "100", "missing_lines": 0, "excluded_lines": 0, "percent_statements_covered": 100.0, "percent_statements_covered_display": "100"}, "missing_lines": [], "excluded_lines": [], "start_line": 88}, "load_targets": {"executed_lines": [120, 121, 132, 133, 134, 135, 136, 137], "summary": {"covered_lines": 8, "num_statements": 8, "percent_covered": 100.0, "percent_covered_display": "100", "missing_lines": 0, "excluded_lines": 0, "percent_statements_covered": 100.0, "percent_statements_covered_display": "100"}, "missing_lines": [], "excluded_lines": [], "start_line": 114}, "normalize_departments": {"executed_lines": [142, 143, 144, 145, 147, 148, 149, 150, 151], "summary": {"covered_lines": 9, "num_statements": 9, "percent_covered": 100.0, "percent_covered_display": "100", "missing_lines": 0, "excluded_lines": 0, "percent_statements_covered": 100.0, "percent_statements_covered_display": "100"}, "missing_lines": [], "excluded_lines": [], "start_line": 140}, "resolve_target": {"executed_lines": [156, 157, 158, 159], "summary": {"covered_lines": 4, "num_statements": 4, "percent_covered": 100.0, "percent_covered_display": "100", "missing_lines": 0, "excluded_lines": 0, "percent_statements_covered": 100.0, "percent_statements_covered_display": "100"}, "missing_lines": [], "excluded_lines": [], "start_line": 154}, "default_departments": {"executed_lines": [164], "summary": {"covered_lines": 1, "num_statements": 1, "percent_covered": 100.0, "percent_covered_display": "100", "missing_lines": 0, "excluded_lines": 0, "percent_statements_covered": 100.0, "percent_statements_covered_display": "100"}, "missing_lines": [], "excluded_lines": [], "start_line": 162}, "read_json": {"executed_lines": [169, 170, 171, 172, 173], "summary": {"covered_lines": 5, "num_statements": 5, "percent_covered": 100.0, "percent_covered_display": "100", "missing_lines": 0, "excluded_lines": 0, "percent_statements_covered": 100.0, "percent_statements_covered_display": "100"}, "missing_lines": [], "excluded_lines": [], "start_line": 167}, "iso_now": {"executed_lines": [178], "summary": {"covered_lines": 1, "num_statements": 1, "percent_covered": 100.0, "percent_covered_display": "100", "missing_lines": 0, "excluded_lines": 0, "percent_statements_covered": 100.0, "percent_statements_covered_display": "100"}, "missing_lines": [], "excluded_lines": [], "start_line": 176}, "qa_score_from_summary": {"executed_lines": [186, 187, 188, 189, 190, 191, 192], "summary": {"covered_lines": 7, "num_statements": 7, "percent_covered": 100.0, "percent_covered_display": "100", "missing_lines": 0, "excluded_lines": 0, "percent_statements_covered": 100.0, "percent_statements_covered_display": "100"}, "missing_lines": [], "excluded_lines": [], "start_line": 181}, "summarize_department": {"executed_lines": [197, 198, 199, 200, 209, 210, 211, 212, 213, 214, 215, 217, 219], "summary": {"covered_lines": 13, "num_statements": 13, "percent_covered": 100.0, "percent_covered_display": "100", "missing_lines": 0, "excluded_lines": 0, "percent_statements_covered": 100.0, "percent_statements_covered_display": "100"}, "missing_lines": [], "excluded_lines": [], "start_line": 195}, "collect_target_snapshot": {"executed_lines": [234, 235, 236, 237, 238, 239, 240, 241, 246], "summary": {"covered_lines": 9, "num_statements": 9, "percent_covered": 100.0, "percent_covered_display": "100", "missing_lines": 0, "excluded_lines": 0, "percent_statements_covered": 100.0, "percent_statements_covered_display": "100"}, "missing_lines": [], "excluded_lines": [], "start_line": 232}, "write_audit_log": {"executed_lines": [263, 264, 265, 266, 268, 269, 270, 276, 277, 278, 279, 280, 281, 282, 283, 285, 293, 294, 295, 296, 297, 298, 301, 302, 303, 304, 305, 306, 309, 311, 312, 313, 314, 315, 317], "summary": {"covered_lines": 35, "num_statements": 35, "percent_covered": 100.0, "percent_covered_display": "100", "missing_lines": 0, "excluded_lines": 0, "percent_statements_covered": 100.0, "percent_statements_covered_display": "100"}, "missing_lines": [], "excluded_lines": [], "start_line": 257}, "refresh_dashboard_artifacts": {"executed_lines": [331, 332, 333, 339, 340, 341, 344, 345, 348, 349, 355, 356, 359], "summary": {"covered_lines": 13, "num_statements": 13, "percent_covered": 100.0, "percent_covered_display": "100", "missing_lines": 0, "excluded_lines": 0, "percent_statements_covered": 100.0, "percent_statements_covered_display": "100"}, "missing_lines": [], "excluded_lines": [], "start_line": 320}, "run_job_status": {"executed_lines": [], "summary": {"covered_lines": 0, "num_statements": 1, "percent_covered": 0.0, "percent_covered_display": "0", "missing_lines": 1, "excluded_lines": 0, "percent_statements_covered": 0.0, "percent_statements_covered_display": "0"}, "missing_lines": [364], "excluded_lines": [], "start_line": 362}, "run_department": {"executed_lines": [], "summary": {"covered_lines": 0, "num_statements": 3, "percent_covered": 0.0, "percent_covered_display": "0", "missing_lines": 3, "excluded_lines": 0, "percent_statements_covered": 0.0, "percent_statements_covered_display": "0"}, "missing_lines": [373, 374, 375], "excluded_lines": [], "start_line": 371}, "run_target": {"executed_lines": [], "summary": {"covered_lines": 0, "num_statements": 11, "percent_covered": 0.0, "percent_covered_display": "0", "missing_lines": 11, "excluded_lines": 0, "percent_statements_covered": 0.0, "percent_statements_covered_display": "0"}, "missing_lines": [385, 386, 387, 388, 389, 391, 392, 393, 394, 395, 396], "excluded_lines": [], "start_line": 378}, "with_run_lock": {"executed_lines": [401, 415], "summary": {"covered_lines": 2, "num_statements": 2, "percent_covered": 100.0, "percent_covered_display": "100", "missing_lines": 0, "excluded_lines": 0, "percent_statements_covered": 100.0, "percent_statements_covered_display": "100"}, "missing_lines": [], "excluded_lines": [], "start_line": 399}, "with_run_lock._wrapped": {"executed_lines": [402, 403, 404, 405, 406, 407, 408, 409, 413], "summary": {"covered_lines": 9, "num_statements": 9, "percent_covered": 100.0, "percent_covered_display": "100", "missing_lines": 0, "excluded_lines": 0, "percent_statements_covered": 100.0, "percent_statements_covered_display": "100"}, "missing_lines": [], "excluded_lines": [], "start_line": 401}, "handle_list_targets": {"executed_lines": [421, 422, 423, 424], "summary": {"covered_lines": 4, "num_statements": 4, "percent_covered": 100.0, "percent_covered_display": "100", "missing_lines": 0, "excluded_lines": 0, "percent_statements_covered": 100.0, "percent_statements_covered_display": "100"}, "missing_lines": [], "excluded_lines": [], "start_line": 419}, "handle_refresh": {"executed_lines": [], "summary": {"covered_lines": 0, "num_statements": 4, "percent_covered": 0.0, "percent_covered_display": "0", "missing_lines": 4, "excluded_lines": 0, "percent_statements_covered": 0.0, "percent_statements_covered_display": "0"}, "missing_lines": [430, 431, 432, 433], "excluded_lines": [], "start_line": 428}, "handle_run_target": {"executed_lines": [439, 440], "summary": {"covered_lines": 2, "num_statements": 7, "percent_covered": 28.571428571428573, "percent_covered_display": "29", "missing_lines": 5, "excluded_lines": 0, "percent_statements_covered": 28.571428571428573, "percent_statements_covered_display": "29"}, "missing_lines": [441, 442, 443, 444, 445], "excluded_lines": [], "start_line": 437}, "handle_run_all": {"executed_lines": [], "summary": {"covered_lines": 0, "num_statements": 12, "percent_covered": 0.0, "percent_covered_display": "0", "missing_lines": 12, "excluded_lines": 0, "percent_statements_covered": 0.0, "percent_statements_covered_display": "0"}, "missing_lines": [451, 452, 453, 454, 455, 456, 457, 458, 459, 460, 461, 462], "excluded_lines": [], "start_line": 449}, "build_parser": {"executed_lines": [467, 468, 469, 471, 472, 474, 475, 476, 481, 482, 486, 491], "summary": {"covered_lines": 12, "num_statements": 12, "percent_covered": 100.0, "percent_covered_display": "100", "missing_lines": 0, "excluded_lines": 0, "percent_statements_covered": 100.0, "percent_statements_covered_display": "100"}, "missing_lines": [], "excluded_lines": [], "start_line": 465}, "main": {"executed_lines": [501, 502, 503, 504, 505, 511, 512, 513, 514, 515], "summary": {"covered_lines": 10, "num_statements": 10, "percent_covered": 100.0, "percent_covered_display": "100", "missing_lines": 0, "excluded_lines": 0, "percent_statements_covered": 100.0, "percent_statements_covered_display": "100"}, "missing_lines": [], "excluded_lines": [], "start_line": 494}, "": {"executed_lines": [9, 11, 12, 13, 14, 15, 16, 17, 18, 20, 22, 24, 25, 26, 27, 28, 29, 33, 34, 35, 36, 37, 39, 49, 59, 68, 71, 88, 114, 140, 154, 162, 167, 176, 181, 195, 232, 257, 320, 362, 371, 378, 399, 418, 419, 427, 428, 436, 437, 448, 449, 465, 494, 518], "summary": {"covered_lines": 54, "num_statements": 55, "percent_covered": 98.18181818181819, "percent_covered_display": "98", "missing_lines": 1, "excluded_lines": 0, "percent_statements_covered": 98.18181818181819, "percent_statements_covered_display": "98"}, "missing_lines": [519], "excluded_lines": [], "start_line": 1}}, "classes": {"": {"executed_lines": [9, 11, 12, 13, 14, 15, 16, 17, 18, 20, 22, 24, 25, 26, 27, 28, 29, 33, 34, 35, 36, 37, 39, 49, 59, 68, 71, 73, 74, 75, 76, 77, 78, 79, 80, 81, 82, 83, 84, 85, 88, 90, 91, 93, 94, 95, 96, 98, 99, 107, 108, 109, 110, 111, 114, 120, 121, 132, 133, 134, 135, 136, 137, 140, 142, 143, 144, 145, 147, 148, 149, 150, 151, 154, 156, 157, 158, 159, 162, 164, 167, 169, 170, 171, 172, 173, 176, 178, 181, 186, 187, 188, 189, 190, 191, 192, 195, 197, 198, 199, 200, 209, 210, 211, 212, 213, 214, 215, 217, 219, 232, 234, 235, 236, 237, 238, 239, 240, 241, 246, 257, 263, 264, 265, 266, 268, 269, 270, 276, 277, 278, 279, 280, 281, 282, 283, 285, 293, 294, 295, 296, 297, 298, 301, 302, 303, 304, 305, 306, 309, 311, 312, 313, 314, 315, 317, 320, 331, 332, 333, 339, 340, 341, 344, 345, 348, 349, 355, 356, 359, 362, 371, 378, 399, 401, 402, 403, 404, 405, 406, 407, 408, 409, 413, 415, 418, 419, 421, 422, 423, 424, 427, 428, 436, 437, 439, 440, 448, 449, 465, 467, 468, 469, 471, 472, 474, 475, 476, 481, 482, 486, 491, 494, 501, 502, 503, 504, 505, 511, 512, 513, 514, 515, 518], "summary": {"covered_lines": 224, "num_statements": 261, "percent_covered": 85.82375478927203, "percent_covered_display": "86", "missing_lines": 37, "excluded_lines": 0, "percent_statements_covered": 85.82375478927203, "percent_statements_covered_display": "86"}, "missing_lines": [364, 373, 374, 375, 385, 386, 387, 388, 389, 391, 392, 393, 394, 395, 396, 430, 431, 432, 433, 441, 442, 443, 444, 445, 451, 452, 453, 454, 455, 456, 457, 458, 459, 460, 461, 462, 519], "excluded_lines": [], "start_line": 1}}}}, "totals": {"covered_lines": 2393, "num_statements": 3164, "percent_covered": 75.63211125158028, "percent_covered_display": "76", "missing_lines": 771, "excluded_lines": 20, "percent_statements_covered": 75.63211125158028, "percent_statements_covered_display": "76"}}